[2025-05-30 15:18:28,409] INFO - Vital Signs Monitor application starting...
[2025-05-30 15:18:28,409] INFO - All dependencies verified successfully
[2025-05-30 15:18:28,410] INFO - Initializing main application...
[2025-05-30 15:18:28,493] INFO - Advanced pose landmarker not available (Unable to open file at D:\KULIAH\Semester 6\PSD\tugas-besar-dsp\.venv\lib\site-packages/D:\KULIAH\Semester 6\PSD\tugas-besar-dsp\pose_landmarker_full.task, errno=22), using basic pose
[2025-05-30 15:18:28,810] INFO - Starting application main loop...
[2025-05-30 15:18:40,321] INFO - Respiration Rate: 30.0 BPM
[2025-05-30 15:18:40,410] INFO - Respiration Rate: 29.5 BPM
[2025-05-30 15:18:40,500] INFO - Respiration Rate: 29.0 BPM
[2025-05-30 15:18:40,610] INFO - Respiration Rate: 28.6 BPM
[2025-05-30 15:18:40,720] INFO - Respiration Rate: 28.1 BPM
[2025-05-30 15:18:40,832] INFO - Respiration Rate: 27.7 BPM
[2025-05-30 15:18:40,931] INFO - Respiration Rate: 27.3 BPM
[2025-05-30 15:18:41,038] INFO - Respiration Rate: 26.9 BPM
[2025-05-30 15:18:41,149] INFO - Respiration Rate: 26.5 BPM
[2025-05-30 15:18:41,250] INFO - Respiration Rate: 26.1 BPM
[2025-05-30 15:18:41,348] INFO - Respiration Rate: 25.7 BPM
[2025-05-30 15:18:41,458] INFO - Respiration Rate: 25.4 BPM
[2025-05-30 15:18:41,566] INFO - Respiration Rate: 25.0 BPM
[2025-05-30 15:18:41,665] INFO - Respiration Rate: 24.7 BPM
[2025-05-30 15:18:41,773] INFO - Respiration Rate: 24.3 BPM
[2025-05-30 15:18:41,881] INFO - Respiration Rate: 24.0 BPM
[2025-05-30 15:18:41,992] INFO - Respiration Rate: 23.7 BPM
[2025-05-30 15:18:42,094] INFO - Respiration Rate: 23.4 BPM
[2025-05-30 15:18:42,196] INFO - Respiration Rate: 23.1 BPM
[2025-05-30 15:18:42,306] INFO - Respiration Rate: 22.8 BPM
[2025-05-30 15:18:42,421] INFO - Respiration Rate: 22.5 BPM
[2025-05-30 15:18:42,523] INFO - Respiration Rate: 22.2 BPM
[2025-05-30 15:18:42,632] INFO - Respiration Rate: 22.0 BPM
[2025-05-30 15:18:42,740] INFO - Respiration Rate: 21.7 BPM
[2025-05-30 15:18:42,852] INFO - Respiration Rate: 21.4 BPM
[2025-05-30 15:18:42,952] INFO - Respiration Rate: 21.2 BPM
[2025-05-30 15:18:43,057] INFO - Respiration Rate: 20.9 BPM
[2025-05-30 15:18:43,165] INFO - Respiration Rate: 20.7 BPM
[2025-05-30 15:18:43,276] INFO - Respiration Rate: 20.5 BPM
[2025-05-30 15:18:43,376] INFO - Respiration Rate: 20.2 BPM
[2025-05-30 15:18:43,492] INFO - Respiration Rate: 20.0 BPM
[2025-05-30 15:18:43,627] INFO - Respiration Rate: 19.8 BPM
[2025-05-30 15:18:43,716] INFO - Respiration Rate: 19.6 BPM
[2025-05-30 15:18:43,820] INFO - Respiration Rate: 19.4 BPM
[2025-05-30 15:18:43,930] INFO - Respiration Rate: 19.1 BPM
[2025-05-30 15:18:44,041] INFO - Respiration Rate: 18.9 BPM
[2025-05-30 15:18:44,143] INFO - Respiration Rate: 18.8 BPM
[2025-05-30 15:18:44,248] INFO - Respiration Rate: 18.6 BPM
[2025-05-30 15:18:44,315] INFO - Respiration Rate: 18.4 BPM
[2025-05-30 15:18:44,395] INFO - Respiration Rate: 18.2 BPM
[2025-05-30 15:18:44,479] INFO - Respiration Rate: 18.0 BPM
[2025-05-30 15:18:44,584] INFO - Respiration Rate: 17.8 BPM
[2025-05-30 15:18:44,692] INFO - Respiration Rate: 17.6 BPM
[2025-05-30 15:18:44,801] INFO - Respiration Rate: 17.5 BPM
[2025-05-30 15:18:44,902] INFO - Respiration Rate: 17.3 BPM
[2025-05-30 15:18:45,006] INFO - Respiration Rate: 17.1 BPM
[2025-05-30 15:18:45,112] INFO - Respiration Rate: 17.0 BPM
[2025-05-30 15:18:45,218] INFO - Respiration Rate: 16.8 BPM
[2025-05-30 15:18:45,315] INFO - Respiration Rate: 16.7 BPM
[2025-05-30 15:18:45,424] INFO - Respiration Rate: 16.5 BPM
[2025-05-30 15:18:45,527] INFO - Respiration Rate: 16.4 BPM
[2025-05-30 15:18:45,630] INFO - Respiration Rate: 16.2 BPM
[2025-05-30 15:18:45,741] INFO - Respiration Rate: 16.1 BPM
[2025-05-30 15:18:45,847] INFO - Respiration Rate: 15.9 BPM
[2025-05-30 15:18:45,957] INFO - Respiration Rate: 15.8 BPM
[2025-05-30 15:18:46,067] INFO - Respiration Rate: 15.7 BPM
[2025-05-30 15:18:46,171] INFO - Respiration Rate: 15.5 BPM
[2025-05-30 15:18:46,271] INFO - Respiration Rate: 15.4 BPM
[2025-05-30 15:18:46,382] INFO - Respiration Rate: 15.3 BPM
[2025-05-30 15:18:46,491] INFO - Respiration Rate: 15.1 BPM
[2025-05-30 15:18:46,593] INFO - Respiration Rate: 15.0 BPM
[2025-05-30 15:18:46,660] INFO - Respiration Rate: 14.9 BPM
[2025-05-30 15:18:46,745] INFO - Respiration Rate: 14.8 BPM
[2025-05-30 15:18:46,830] INFO - Respiration Rate: 14.6 BPM
[2025-05-30 15:18:46,926] INFO - Respiration Rate: 14.5 BPM
[2025-05-30 15:18:47,038] INFO - Respiration Rate: 14.4 BPM
[2025-05-30 15:18:47,147] INFO - Respiration Rate: 14.3 BPM
[2025-05-30 15:18:47,255] INFO - Respiration Rate: 14.2 BPM
[2025-05-30 15:18:47,364] INFO - Respiration Rate: 14.1 BPM
[2025-05-30 15:18:47,473] INFO - Respiration Rate: 14.0 BPM
[2025-05-30 15:18:47,587] INFO - Respiration Rate: 13.8 BPM
[2025-05-30 15:18:47,693] INFO - Respiration Rate: 13.7 BPM
[2025-05-30 15:18:47,806] INFO - Respiration Rate: 13.6 BPM
[2025-05-30 15:18:47,913] INFO - Respiration Rate: 13.5 BPM
[2025-05-30 15:18:48,023] INFO - Respiration Rate: 13.4 BPM
[2025-05-30 15:18:48,131] INFO - Respiration Rate: 13.3 BPM
[2025-05-30 15:18:48,244] INFO - Respiration Rate: 13.2 BPM
[2025-05-30 15:18:48,353] INFO - Respiration Rate: 13.1 BPM
[2025-05-30 15:18:48,463] INFO - Respiration Rate: 13.0 BPM
[2025-05-30 15:18:48,561] INFO - Respiration Rate: 12.9 BPM
[2025-05-30 15:18:48,664] INFO - Respiration Rate: 12.9 BPM
[2025-05-30 15:18:48,763] INFO - Respiration Rate: 12.8 BPM
[2025-05-30 15:18:48,866] INFO - Respiration Rate: 12.7 BPM
[2025-05-30 15:18:48,977] INFO - Respiration Rate: 12.6 BPM
[2025-05-30 15:18:49,083] INFO - Respiration Rate: 12.5 BPM
[2025-05-30 15:18:49,185] INFO - Respiration Rate: 12.4 BPM
[2025-05-30 15:18:49,287] INFO - Respiration Rate: 12.3 BPM
[2025-05-30 15:18:49,394] INFO - Respiration Rate: 12.2 BPM
[2025-05-30 15:18:49,508] INFO - Respiration Rate: 12.2 BPM
[2025-05-30 15:18:49,614] INFO - Respiration Rate: 12.1 BPM
[2025-05-30 15:18:49,725] INFO - Respiration Rate: 12.0 BPM
[2025-05-30 15:18:49,837] INFO - Respiration Rate: 11.9 BPM
[2025-05-30 15:18:49,946] INFO - Respiration Rate: 11.8 BPM
[2025-05-30 15:18:50,050] INFO - Respiration Rate: 11.8 BPM
[2025-05-30 15:18:50,154] INFO - Respiration Rate: 11.7 BPM
[2025-05-30 15:18:50,263] INFO - Respiration Rate: 11.6 BPM
[2025-05-30 15:18:50,372] INFO - Respiration Rate: 11.5 BPM
[2025-05-30 15:18:50,480] INFO - Respiration Rate: 11.5 BPM
[2025-05-30 15:18:50,587] INFO - Respiration Rate: 11.4 BPM
[2025-05-30 15:18:50,704] INFO - Respiration Rate: 11.3 BPM
[2025-05-30 15:18:50,814] INFO - Respiration Rate: 11.2 BPM
[2025-05-30 15:18:50,916] INFO - Respiration Rate: 11.2 BPM
[2025-05-30 15:18:51,021] INFO - Respiration Rate: 11.1 BPM
[2025-05-30 15:18:51,124] INFO - Respiration Rate: 11.0 BPM
[2025-05-30 15:18:51,233] INFO - Respiration Rate: 11.0 BPM
[2025-05-30 15:18:51,342] INFO - Respiration Rate: 10.9 BPM
[2025-05-30 15:18:51,450] INFO - Respiration Rate: 10.8 BPM
[2025-05-30 15:18:51,559] INFO - Respiration Rate: 10.8 BPM
[2025-05-30 15:18:51,670] INFO - Respiration Rate: 10.7 BPM
[2025-05-30 15:18:51,780] INFO - Respiration Rate: 10.7 BPM
[2025-05-30 15:18:51,888] INFO - Respiration Rate: 10.6 BPM
[2025-05-30 15:18:51,998] INFO - Respiration Rate: 10.5 BPM
[2025-05-30 15:18:52,109] INFO - Respiration Rate: 10.5 BPM
[2025-05-30 15:18:52,218] INFO - Respiration Rate: 10.4 BPM
[2025-05-30 15:18:52,324] INFO - Respiration Rate: 10.3 BPM
[2025-05-30 15:18:52,421] INFO - Respiration Rate: 10.3 BPM
[2025-05-30 15:18:52,531] INFO - Respiration Rate: 10.2 BPM
[2025-05-30 15:18:52,641] INFO - Respiration Rate: 10.2 BPM
[2025-05-30 15:18:52,752] INFO - Respiration Rate: 10.1 BPM
[2025-05-30 15:18:52,863] INFO - Respiration Rate: 10.1 BPM
[2025-05-30 15:18:52,970] INFO - Respiration Rate: 10.0 BPM
[2025-05-30 15:18:53,079] INFO - Respiration Rate: 9.9 BPM
[2025-05-30 15:18:53,189] INFO - Respiration Rate: 9.9 BPM
[2025-05-30 15:18:53,298] INFO - Respiration Rate: 9.8 BPM
[2025-05-30 15:18:53,409] INFO - Respiration Rate: 9.8 BPM
[2025-05-30 15:18:53,517] INFO - Respiration Rate: 9.7 BPM
[2025-05-30 15:18:53,625] INFO - Respiration Rate: 9.7 BPM
[2025-05-30 15:18:53,735] INFO - Respiration Rate: 9.6 BPM
[2025-05-30 15:18:53,843] INFO - Respiration Rate: 9.6 BPM
[2025-05-30 15:18:53,953] INFO - Respiration Rate: 9.5 BPM
[2025-05-30 15:18:54,058] INFO - Respiration Rate: 9.5 BPM
[2025-05-30 15:18:54,163] INFO - Respiration Rate: 9.4 BPM
[2025-05-30 15:18:54,264] INFO - Respiration Rate: 9.4 BPM
[2025-05-30 15:18:54,374] INFO - Respiration Rate: 9.3 BPM
[2025-05-30 15:18:54,484] INFO - Respiration Rate: 9.3 BPM
[2025-05-30 15:18:54,593] INFO - Respiration Rate: 18.5 BPM
[2025-05-30 15:18:54,711] INFO - Respiration Rate: 18.4 BPM
[2025-05-30 15:18:54,817] INFO - Respiration Rate: 18.3 BPM
[2025-05-30 15:18:54,938] INFO - Respiration Rate: 18.2 BPM
[2025-05-30 15:18:55,032] INFO - Respiration Rate: 18.1 BPM
[2025-05-30 15:18:55,141] INFO - Respiration Rate: 18.0 BPM
[2025-05-30 15:18:55,250] INFO - Respiration Rate: 17.9 BPM
[2025-05-30 15:18:55,358] INFO - Respiration Rate: 17.8 BPM
[2025-05-30 15:18:55,460] INFO - Respiration Rate: 17.7 BPM
[2025-05-30 15:18:55,558] INFO - Respiration Rate: 17.6 BPM
[2025-05-30 15:18:55,672] INFO - Respiration Rate: 17.6 BPM
[2025-05-30 15:18:55,789] INFO - Respiration Rate: 17.5 BPM
[2025-05-30 15:18:55,892] INFO - Respiration Rate: 17.4 BPM
[2025-05-30 15:18:55,996] INFO - Respiration Rate: 17.3 BPM
[2025-05-30 15:18:56,092] INFO - Respiration Rate: 17.2 BPM
[2025-05-30 15:18:56,202] INFO - Respiration Rate: 17.1 BPM
[2025-05-30 15:18:56,314] INFO - Respiration Rate: 17.1 BPM
[2025-05-30 15:18:56,424] INFO - Respiration Rate: 17.0 BPM
[2025-05-30 15:18:56,537] INFO - Respiration Rate: 16.9 BPM
[2025-05-30 15:18:56,644] INFO - Respiration Rate: 16.8 BPM
[2025-05-30 15:18:56,753] INFO - Respiration Rate: 16.7 BPM
[2025-05-30 15:18:56,860] INFO - Respiration Rate: 16.7 BPM
[2025-05-30 15:18:56,968] INFO - Respiration Rate: 16.6 BPM
[2025-05-30 15:18:57,076] INFO - Respiration Rate: 16.5 BPM
[2025-05-30 15:18:57,186] INFO - Respiration Rate: 16.4 BPM
[2025-05-30 15:18:57,292] INFO - Respiration Rate: 16.4 BPM
[2025-05-30 15:18:57,396] INFO - Respiration Rate: 16.3 BPM
[2025-05-30 15:18:57,500] INFO - Respiration Rate: 16.2 BPM
[2025-05-30 15:18:57,610] INFO - Respiration Rate: 16.1 BPM
[2025-05-30 15:18:57,719] INFO - Respiration Rate: 16.1 BPM
[2025-05-30 15:18:57,823] INFO - Respiration Rate: 16.0 BPM
[2025-05-30 15:18:57,924] INFO - Respiration Rate: 15.9 BPM
[2025-05-30 15:18:58,027] INFO - Respiration Rate: 15.9 BPM
[2025-05-30 15:18:58,134] INFO - Respiration Rate: 15.8 BPM
[2025-05-30 15:18:58,243] INFO - Respiration Rate: 15.7 BPM
[2025-05-30 15:18:58,354] INFO - Respiration Rate: 15.7 BPM
[2025-05-30 15:18:58,462] INFO - Respiration Rate: 15.6 BPM
[2025-05-30 15:18:58,569] INFO - Respiration Rate: 15.5 BPM
[2025-05-30 15:18:58,679] INFO - Respiration Rate: 15.5 BPM
[2025-05-30 15:18:58,790] INFO - Respiration Rate: 15.4 BPM
[2025-05-30 15:18:58,899] INFO - Respiration Rate: 15.3 BPM
[2025-05-30 15:18:59,005] INFO - Respiration Rate: 15.3 BPM
[2025-05-30 15:18:59,110] INFO - Respiration Rate: 15.2 BPM
[2025-05-30 15:18:59,212] INFO - Respiration Rate: 15.1 BPM
[2025-05-30 15:18:59,323] INFO - Respiration Rate: 15.1 BPM
[2025-05-30 15:18:59,432] INFO - Respiration Rate: 15.0 BPM
[2025-05-30 15:18:59,534] INFO - Respiration Rate: 14.9 BPM
[2025-05-30 15:18:59,637] INFO - Respiration Rate: 14.9 BPM
[2025-05-30 15:18:59,747] INFO - Respiration Rate: 14.8 BPM
[2025-05-30 15:18:59,855] INFO - Respiration Rate: 14.8 BPM
[2025-05-30 15:18:59,962] INFO - Respiration Rate: 14.7 BPM
[2025-05-30 15:19:00,075] INFO - Respiration Rate: 14.6 BPM
[2025-05-30 15:19:00,175] INFO - Respiration Rate: 14.6 BPM
[2025-05-30 15:19:00,277] INFO - Respiration Rate: 14.5 BPM
[2025-05-30 15:19:00,392] INFO - Respiration Rate: 14.5 BPM
[2025-05-30 15:19:00,501] INFO - Respiration Rate: 14.4 BPM
[2025-05-30 15:19:00,610] INFO - Respiration Rate: 14.3 BPM
[2025-05-30 15:19:00,722] INFO - Respiration Rate: 14.3 BPM
[2025-05-30 15:19:00,827] INFO - Respiration Rate: 14.2 BPM
[2025-05-30 15:19:00,939] INFO - Respiration Rate: 14.2 BPM
[2025-05-30 15:19:01,051] INFO - Respiration Rate: 14.1 BPM
[2025-05-30 15:19:01,159] INFO - Respiration Rate: 14.1 BPM
[2025-05-30 15:19:01,266] INFO - Respiration Rate: 14.0 BPM
[2025-05-30 15:19:01,368] INFO - Respiration Rate: 20.9 BPM
[2025-05-30 15:19:01,471] INFO - Respiration Rate: 20.8 BPM
[2025-05-30 15:19:01,577] INFO - Respiration Rate: 20.8 BPM
[2025-05-30 15:19:01,680] INFO - Respiration Rate: 20.7 BPM
[2025-05-30 15:19:01,782] INFO - Respiration Rate: 20.6 BPM
[2025-05-30 15:19:01,882] INFO - Respiration Rate: 20.5 BPM
[2025-05-30 15:19:01,986] INFO - Respiration Rate: 20.5 BPM
[2025-05-30 15:19:02,092] INFO - Respiration Rate: 20.4 BPM
[2025-05-30 15:19:02,195] INFO - Respiration Rate: 20.3 BPM
[2025-05-30 15:19:02,298] INFO - Respiration Rate: 20.2 BPM
[2025-05-30 15:19:02,406] INFO - Respiration Rate: 20.1 BPM
[2025-05-30 15:19:02,518] INFO - Respiration Rate: 20.1 BPM
[2025-05-30 15:19:02,626] INFO - Respiration Rate: 20.0 BPM
[2025-05-30 15:19:02,730] INFO - Respiration Rate: 19.9 BPM
[2025-05-30 15:19:02,832] INFO - Respiration Rate: 19.9 BPM
[2025-05-30 15:19:02,937] INFO - Respiration Rate: 19.8 BPM
[2025-05-30 15:19:03,050] INFO - Respiration Rate: 19.7 BPM
[2025-05-30 15:19:03,161] INFO - Respiration Rate: 19.6 BPM
[2025-05-30 15:19:03,274] INFO - Respiration Rate: 19.6 BPM
[2025-05-30 15:19:03,380] INFO - Respiration Rate: 19.5 BPM
[2025-05-30 15:19:03,488] INFO - Respiration Rate: 19.4 BPM
[2025-05-30 15:19:03,597] INFO - Respiration Rate: 19.4 BPM
[2025-05-30 15:19:03,703] INFO - Respiration Rate: 19.3 BPM
[2025-05-30 15:19:03,814] INFO - Respiration Rate: 19.2 BPM
[2025-05-30 15:19:03,923] INFO - Respiration Rate: 19.1 BPM
[2025-05-30 15:19:04,026] INFO - Respiration Rate: 19.1 BPM
[2025-05-30 15:19:04,131] INFO - Respiration Rate: 19.0 BPM
[2025-05-30 15:19:04,241] INFO - Respiration Rate: 18.9 BPM
[2025-05-30 15:19:04,346] INFO - Respiration Rate: 18.9 BPM
[2025-05-30 15:19:04,455] INFO - Respiration Rate: 18.8 BPM
[2025-05-30 15:19:04,566] INFO - Respiration Rate: 18.8 BPM
[2025-05-30 15:19:04,675] INFO - Respiration Rate: 18.7 BPM
[2025-05-30 15:19:04,780] INFO - Respiration Rate: 18.6 BPM
[2025-05-30 15:19:04,886] INFO - Respiration Rate: 18.6 BPM
[2025-05-30 15:19:04,987] INFO - Respiration Rate: 18.5 BPM
[2025-05-30 15:19:05,094] INFO - Respiration Rate: 18.4 BPM
[2025-05-30 15:19:05,206] INFO - Respiration Rate: 18.4 BPM
[2025-05-30 15:19:05,313] INFO - Respiration Rate: 18.3 BPM
[2025-05-30 15:19:05,422] INFO - Respiration Rate: 18.2 BPM
[2025-05-30 15:19:05,534] INFO - Respiration Rate: 18.2 BPM
[2025-05-30 15:19:05,645] INFO - Respiration Rate: 18.1 BPM
[2025-05-30 15:19:05,753] INFO - Respiration Rate: 18.1 BPM
[2025-05-30 15:19:05,863] INFO - Respiration Rate: 18.0 BPM
[2025-05-30 15:19:05,974] INFO - Respiration Rate: 17.9 BPM
[2025-05-30 15:19:06,081] INFO - Respiration Rate: 17.9 BPM
[2025-05-30 15:19:06,192] INFO - Respiration Rate: 17.8 BPM
[2025-05-30 15:19:06,300] INFO - Respiration Rate: 17.8 BPM
[2025-05-30 15:19:06,407] INFO - Respiration Rate: 17.7 BPM
[2025-05-30 15:19:06,518] INFO - Respiration Rate: 17.6 BPM
[2025-05-30 15:19:06,625] INFO - Respiration Rate: 17.6 BPM
[2025-05-30 15:19:06,726] INFO - Respiration Rate: 17.5 BPM
[2025-05-30 15:19:06,828] INFO - Respiration Rate: 17.5 BPM
[2025-05-30 15:19:06,941] INFO - Respiration Rate: 17.4 BPM
[2025-05-30 15:19:07,047] INFO - Respiration Rate: 17.4 BPM
[2025-05-30 15:19:07,156] INFO - Respiration Rate: 17.3 BPM
[2025-05-30 15:19:07,260] INFO - Respiration Rate: 17.3 BPM
[2025-05-30 15:19:07,359] INFO - Respiration Rate: 17.2 BPM
[2025-05-30 15:19:07,467] INFO - Respiration Rate: 17.1 BPM
[2025-05-30 15:19:07,583] INFO - Respiration Rate: 17.1 BPM
[2025-05-30 15:19:07,681] INFO - Respiration Rate: 17.0 BPM
[2025-05-30 15:19:07,785] INFO - Respiration Rate: 17.0 BPM
[2025-05-30 15:19:07,894] INFO - Respiration Rate: 16.9 BPM
[2025-05-30 15:19:08,006] INFO - Respiration Rate: 16.9 BPM
[2025-05-30 15:19:08,115] INFO - Respiration Rate: 16.8 BPM
[2025-05-30 15:19:08,227] INFO - Respiration Rate: 16.8 BPM
[2025-05-30 15:19:08,335] INFO - Respiration Rate: 16.7 BPM
[2025-05-30 15:19:08,446] INFO - Respiration Rate: 16.7 BPM
[2025-05-30 15:19:08,556] INFO - Respiration Rate: 16.6 BPM
[2025-05-30 15:19:08,672] INFO - Respiration Rate: 16.6 BPM
[2025-05-30 15:19:08,773] INFO - Respiration Rate: 16.5 BPM
[2025-05-30 15:19:08,876] INFO - Respiration Rate: 16.5 BPM
[2025-05-30 15:19:08,975] INFO - Respiration Rate: 16.4 BPM
[2025-05-30 15:19:09,087] INFO - Respiration Rate: 16.4 BPM
[2025-05-30 15:19:09,196] INFO - Respiration Rate: 16.3 BPM
[2025-05-30 15:19:09,305] INFO - Respiration Rate: 16.3 BPM
[2025-05-30 15:19:09,417] INFO - Respiration Rate: 16.2 BPM
[2025-05-30 15:19:09,532] INFO - Respiration Rate: 16.2 BPM
[2025-05-30 15:19:09,633] INFO - Respiration Rate: 16.1 BPM
[2025-05-30 15:19:09,733] INFO - Respiration Rate: 16.1 BPM
[2025-05-30 15:19:09,832] INFO - Respiration Rate: 16.0 BPM
[2025-05-30 15:19:09,946] INFO - Respiration Rate: 16.0 BPM
[2025-05-30 15:19:10,051] INFO - Respiration Rate: 15.9 BPM
[2025-05-30 15:19:10,158] INFO - Respiration Rate: 15.9 BPM
[2025-05-30 15:19:10,270] INFO - Respiration Rate: 15.8 BPM
[2025-05-30 15:19:10,374] INFO - Respiration Rate: 15.8 BPM
[2025-05-30 15:19:10,473] INFO - Respiration Rate: 15.7 BPM
[2025-05-30 15:19:10,585] INFO - Respiration Rate: 15.7 BPM
[2025-05-30 15:19:10,695] INFO - Respiration Rate: 15.7 BPM
[2025-05-30 15:19:10,805] INFO - Respiration Rate: 15.6 BPM
[2025-05-30 15:19:10,908] INFO - Respiration Rate: 15.6 BPM
[2025-05-30 15:19:11,012] INFO - Respiration Rate: 15.5 BPM
[2025-05-30 15:19:11,122] INFO - Respiration Rate: 15.5 BPM
[2025-05-30 15:19:11,233] INFO - Respiration Rate: 15.4 BPM
[2025-05-30 15:19:11,333] INFO - Respiration Rate: 15.4 BPM
[2025-05-30 15:19:11,440] INFO - Respiration Rate: 15.3 BPM
[2025-05-30 15:19:11,543] INFO - Respiration Rate: 15.3 BPM
[2025-05-30 15:19:11,652] INFO - Respiration Rate: 15.3 BPM
[2025-05-30 15:19:11,781] INFO - Respiration Rate: 15.2 BPM
[2025-05-30 15:19:11,894] INFO - Respiration Rate: 15.2 BPM
[2025-05-30 15:19:12,003] INFO - Respiration Rate: 15.1 BPM
[2025-05-30 15:19:12,109] INFO - Respiration Rate: 15.1 BPM
[2025-05-30 15:19:12,211] INFO - Respiration Rate: 15.0 BPM
[2025-05-30 15:19:12,317] INFO - Respiration Rate: 15.0 BPM
[2025-05-30 15:19:12,420] INFO - Respiration Rate: 15.0 BPM
[2025-05-30 15:19:12,524] INFO - Respiration Rate: 14.9 BPM
[2025-05-30 15:19:12,627] INFO - Respiration Rate: 14.9 BPM
[2025-05-30 15:19:12,729] INFO - Respiration Rate: 14.8 BPM
[2025-05-30 15:19:12,830] INFO - Respiration Rate: 14.8 BPM
[2025-05-30 15:19:12,930] INFO - Respiration Rate: 14.8 BPM
[2025-05-30 15:19:13,029] INFO - Respiration Rate: 14.7 BPM
[2025-05-30 15:19:13,133] INFO - Respiration Rate: 14.7 BPM
[2025-05-30 15:19:13,238] INFO - Respiration Rate: 14.6 BPM
[2025-05-30 15:19:13,349] INFO - Respiration Rate: 14.6 BPM
[2025-05-30 15:19:13,456] INFO - Respiration Rate: 14.6 BPM
[2025-05-30 15:19:13,562] INFO - Respiration Rate: 14.5 BPM
[2025-05-30 15:19:13,666] INFO - Respiration Rate: 14.5 BPM
[2025-05-30 15:19:13,767] INFO - Respiration Rate: 14.4 BPM
[2025-05-30 15:19:13,871] INFO - Respiration Rate: 14.4 BPM
[2025-05-30 15:19:13,972] INFO - Respiration Rate: 14.4 BPM
[2025-05-30 15:19:14,074] INFO - Respiration Rate: 14.3 BPM
[2025-05-30 15:19:14,175] INFO - Respiration Rate: 19.0 BPM
[2025-05-30 15:19:14,275] INFO - Respiration Rate: 19.0 BPM
[2025-05-30 15:19:14,377] INFO - Respiration Rate: 18.9 BPM
[2025-05-30 15:19:14,479] INFO - Respiration Rate: 18.9 BPM
[2025-05-30 15:19:14,580] INFO - Respiration Rate: 18.8 BPM
[2025-05-30 15:19:14,718] INFO - Respiration Rate: 18.8 BPM
[2025-05-30 15:19:14,827] INFO - Respiration Rate: 18.8 BPM
[2025-05-30 15:19:14,935] INFO - Respiration Rate: 18.7 BPM
[2025-05-30 15:19:15,040] INFO - Respiration Rate: 18.7 BPM
[2025-05-30 15:19:15,151] INFO - Respiration Rate: 18.6 BPM
[2025-05-30 15:19:15,257] INFO - Respiration Rate: 18.6 BPM
[2025-05-30 15:19:15,363] INFO - Respiration Rate: 18.5 BPM
[2025-05-30 15:19:15,465] INFO - Respiration Rate: 18.5 BPM
[2025-05-30 15:19:15,574] INFO - Respiration Rate: 18.4 BPM
[2025-05-30 15:19:15,677] INFO - Respiration Rate: 18.4 BPM
[2025-05-30 15:19:15,783] INFO - Respiration Rate: 18.3 BPM
[2025-05-30 15:19:15,889] INFO - Respiration Rate: 18.3 BPM
[2025-05-30 15:19:15,992] INFO - Respiration Rate: 18.2 BPM
[2025-05-30 15:19:16,094] INFO - Respiration Rate: 18.2 BPM
[2025-05-30 15:19:16,198] INFO - Respiration Rate: 18.1 BPM
[2025-05-30 15:19:16,299] INFO - Respiration Rate: 18.1 BPM
[2025-05-30 15:19:16,398] INFO - Respiration Rate: 18.0 BPM
[2025-05-30 15:19:16,499] INFO - Respiration Rate: 18.0 BPM
[2025-05-30 15:19:16,601] INFO - Respiration Rate: 18.0 BPM
[2025-05-30 15:19:16,705] INFO - Respiration Rate: 17.9 BPM
[2025-05-30 15:19:16,804] INFO - Respiration Rate: 17.9 BPM
[2025-05-30 15:19:16,905] INFO - Respiration Rate: 17.8 BPM
[2025-05-30 15:19:17,015] INFO - Respiration Rate: 17.8 BPM
[2025-05-30 15:19:17,117] INFO - Respiration Rate: 17.7 BPM
[2025-05-30 15:19:17,216] INFO - Respiration Rate: 17.7 BPM
[2025-05-30 15:19:17,323] INFO - Respiration Rate: 17.6 BPM
[2025-05-30 15:19:17,431] INFO - Respiration Rate: 17.6 BPM
[2025-05-30 15:19:17,544] INFO - Respiration Rate: 17.6 BPM
[2025-05-30 15:19:17,645] INFO - Respiration Rate: 17.5 BPM
[2025-05-30 15:19:17,751] INFO - Respiration Rate: 17.5 BPM
[2025-05-30 15:19:17,855] INFO - Respiration Rate: 17.4 BPM
[2025-05-30 15:19:17,961] INFO - Respiration Rate: 17.4 BPM
[2025-05-30 15:19:18,065] INFO - Respiration Rate: 17.3 BPM
[2025-05-30 15:19:18,168] INFO - Respiration Rate: 17.3 BPM
[2025-05-30 15:19:18,280] INFO - Respiration Rate: 17.3 BPM
[2025-05-30 15:19:18,389] INFO - Respiration Rate: 17.2 BPM
[2025-05-30 15:19:18,496] INFO - Respiration Rate: 17.2 BPM
[2025-05-30 15:19:18,603] INFO - Respiration Rate: 17.1 BPM
[2025-05-30 15:19:18,707] INFO - Respiration Rate: 17.1 BPM
[2025-05-30 15:19:18,811] INFO - Respiration Rate: 17.1 BPM
[2025-05-30 15:19:18,912] INFO - Respiration Rate: 17.0 BPM
[2025-05-30 15:19:19,016] INFO - Respiration Rate: 17.0 BPM
[2025-05-30 15:19:19,116] INFO - Respiration Rate: 16.9 BPM
[2025-05-30 15:19:19,218] INFO - Respiration Rate: 16.9 BPM
[2025-05-30 15:19:19,318] INFO - Respiration Rate: 16.9 BPM
[2025-05-30 15:19:19,428] INFO - Respiration Rate: 16.8 BPM
[2025-05-30 15:19:19,535] INFO - Respiration Rate: 16.8 BPM
[2025-05-30 15:19:19,648] INFO - Respiration Rate: 16.7 BPM
[2025-05-30 15:19:19,754] INFO - Respiration Rate: 16.7 BPM
[2025-05-30 15:19:19,860] INFO - Respiration Rate: 16.7 BPM
[2025-05-30 15:19:19,965] INFO - Respiration Rate: 16.6 BPM
[2025-05-30 15:19:20,074] INFO - Respiration Rate: 16.6 BPM
[2025-05-30 15:19:20,181] INFO - Respiration Rate: 16.6 BPM
[2025-05-30 15:19:20,287] INFO - Respiration Rate: 16.5 BPM
[2025-05-30 15:19:20,391] INFO - Respiration Rate: 16.5 BPM
[2025-05-30 15:19:20,496] INFO - Respiration Rate: 16.4 BPM
[2025-05-30 15:19:20,602] INFO - Respiration Rate: 16.4 BPM
[2025-05-30 15:19:20,716] INFO - Respiration Rate: 16.4 BPM
[2025-05-30 15:19:20,835] INFO - Respiration Rate: 16.3 BPM
[2025-05-30 15:19:20,958] INFO - Respiration Rate: 16.3 BPM
[2025-05-30 15:19:21,076] INFO - Respiration Rate: 16.3 BPM
[2025-05-30 15:19:21,191] INFO - Respiration Rate: 16.2 BPM
[2025-05-30 15:19:21,300] INFO - Respiration Rate: 16.2 BPM
[2025-05-30 15:19:21,408] INFO - Respiration Rate: 16.1 BPM
[2025-05-30 15:19:21,512] INFO - Respiration Rate: 16.1 BPM
[2025-05-30 15:19:21,621] INFO - Respiration Rate: 16.1 BPM
[2025-05-30 15:19:21,725] INFO - Respiration Rate: 16.0 BPM
[2025-05-30 15:19:21,830] INFO - Respiration Rate: 16.0 BPM
[2025-05-30 15:19:21,931] INFO - Respiration Rate: 16.0 BPM
[2025-05-30 15:19:22,041] INFO - Respiration Rate: 15.9 BPM
[2025-05-30 15:19:22,145] INFO - Respiration Rate: 15.9 BPM
[2025-05-30 15:19:22,252] INFO - Respiration Rate: 15.9 BPM
[2025-05-30 15:19:22,354] INFO - Respiration Rate: 15.8 BPM
[2025-05-30 15:19:22,458] INFO - Respiration Rate: 15.8 BPM
[2025-05-30 15:19:22,561] INFO - Respiration Rate: 15.8 BPM
[2025-05-30 15:19:22,663] INFO - Respiration Rate: 15.7 BPM
[2025-05-30 15:19:22,766] INFO - Respiration Rate: 15.7 BPM
[2025-05-30 15:19:22,870] INFO - Respiration Rate: 15.7 BPM
[2025-05-30 15:19:22,973] INFO - Respiration Rate: 15.6 BPM
[2025-05-30 15:19:23,076] INFO - Respiration Rate: 15.6 BPM
[2025-05-30 15:19:23,183] INFO - Respiration Rate: 15.6 BPM
[2025-05-30 15:19:23,290] INFO - Respiration Rate: 15.5 BPM
[2025-05-30 15:19:23,397] INFO - Respiration Rate: 15.5 BPM
[2025-05-30 15:19:23,503] INFO - Respiration Rate: 15.5 BPM
[2025-05-30 15:19:23,608] INFO - Respiration Rate: 15.4 BPM
[2025-05-30 15:19:23,714] INFO - Respiration Rate: 15.4 BPM
[2025-05-30 15:19:23,820] INFO - Respiration Rate: 15.4 BPM
[2025-05-30 15:19:23,923] INFO - Respiration Rate: 15.3 BPM
[2025-05-30 15:19:24,026] INFO - Respiration Rate: 15.3 BPM
[2025-05-30 15:19:24,132] INFO - Respiration Rate: 15.3 BPM
[2025-05-30 15:19:24,239] INFO - Respiration Rate: 15.2 BPM
[2025-05-30 15:19:24,347] INFO - Respiration Rate: 15.2 BPM
[2025-05-30 15:19:24,451] INFO - Respiration Rate: 15.2 BPM
[2025-05-30 15:19:24,556] INFO - Respiration Rate: 15.1 BPM
[2025-05-30 15:19:24,662] INFO - Respiration Rate: 15.1 BPM
[2025-05-30 15:19:24,791] INFO - Respiration Rate: 15.1 BPM
[2025-05-30 15:19:24,941] INFO - Respiration Rate: 15.0 BPM
[2025-05-30 15:19:25,092] INFO - Respiration Rate: 15.0 BPM
[2025-05-30 15:19:25,229] INFO - Respiration Rate: 15.0 BPM
[2025-05-30 15:19:25,357] INFO - Respiration Rate: 14.9 BPM
[2025-05-30 15:19:25,475] INFO - Respiration Rate: 14.9 BPM
[2025-05-30 15:19:25,591] INFO - Respiration Rate: 14.9 BPM
[2025-05-30 15:19:25,704] INFO - Respiration Rate: 18.6 BPM
[2025-05-30 15:19:25,815] INFO - Respiration Rate: 18.5 BPM
[2025-05-30 15:19:25,924] INFO - Respiration Rate: 18.5 BPM
[2025-05-30 15:19:26,033] INFO - Respiration Rate: 18.4 BPM
[2025-05-30 15:19:26,140] INFO - Respiration Rate: 18.4 BPM
[2025-05-30 15:19:26,252] INFO - Respiration Rate: 18.4 BPM
[2025-05-30 15:19:26,362] INFO - Respiration Rate: 18.3 BPM
[2025-05-30 15:19:26,470] INFO - Respiration Rate: 18.3 BPM
[2025-05-30 15:19:26,578] INFO - Respiration Rate: 18.3 BPM
[2025-05-30 15:19:26,685] INFO - Respiration Rate: 18.2 BPM
[2025-05-30 15:19:26,791] INFO - Respiration Rate: 18.2 BPM
[2025-05-30 15:19:26,897] INFO - Respiration Rate: 18.1 BPM
[2025-05-30 15:19:27,003] INFO - Respiration Rate: 18.1 BPM
[2025-05-30 15:19:27,110] INFO - Respiration Rate: 18.1 BPM
[2025-05-30 15:19:27,216] INFO - Respiration Rate: 18.0 BPM
[2025-05-30 15:19:27,325] INFO - Respiration Rate: 18.0 BPM
[2025-05-30 15:19:27,430] INFO - Respiration Rate: 18.0 BPM
[2025-05-30 15:19:27,539] INFO - Respiration Rate: 17.9 BPM
[2025-05-30 15:19:27,650] INFO - Respiration Rate: 17.9 BPM
[2025-05-30 15:19:27,767] INFO - Respiration Rate: 17.9 BPM
[2025-05-30 15:19:27,899] INFO - Respiration Rate: 17.8 BPM
[2025-05-30 15:19:28,021] INFO - Respiration Rate: 17.8 BPM
[2025-05-30 15:19:28,144] INFO - Respiration Rate: 17.8 BPM
[2025-05-30 15:19:28,268] INFO - Respiration Rate: 17.7 BPM
[2025-05-30 15:19:28,390] INFO - Respiration Rate: 17.7 BPM
[2025-05-30 15:19:28,505] INFO - Respiration Rate: 17.6 BPM
[2025-05-30 15:19:28,618] INFO - Respiration Rate: 17.6 BPM
[2025-05-30 15:19:28,730] INFO - Respiration Rate: 17.6 BPM
[2025-05-30 15:19:28,839] INFO - Respiration Rate: 17.5 BPM
[2025-05-30 15:19:28,946] INFO - Respiration Rate: 17.5 BPM
[2025-05-30 15:19:29,053] INFO - Respiration Rate: 17.5 BPM
[2025-05-30 15:19:29,162] INFO - Respiration Rate: 17.4 BPM
[2025-05-30 15:19:29,269] INFO - Respiration Rate: 17.4 BPM
[2025-05-30 15:19:29,377] INFO - Respiration Rate: 17.4 BPM
[2025-05-30 15:19:29,482] INFO - Respiration Rate: 17.3 BPM
[2025-05-30 15:19:29,590] INFO - Respiration Rate: 17.3 BPM
[2025-05-30 15:19:29,699] INFO - Respiration Rate: 17.3 BPM
[2025-05-30 15:19:29,808] INFO - Respiration Rate: 17.2 BPM
[2025-05-30 15:19:29,914] INFO - Respiration Rate: 17.2 BPM
[2025-05-30 15:19:30,022] INFO - Respiration Rate: 17.2 BPM
[2025-05-30 15:19:30,131] INFO - Respiration Rate: 17.1 BPM
[2025-05-30 15:19:30,243] INFO - Respiration Rate: 17.1 BPM
[2025-05-30 15:19:30,354] INFO - Respiration Rate: 17.1 BPM
[2025-05-30 15:19:30,466] INFO - Respiration Rate: 17.0 BPM
[2025-05-30 15:19:30,574] INFO - Respiration Rate: 17.0 BPM
[2025-05-30 15:19:30,685] INFO - Respiration Rate: 17.0 BPM
[2025-05-30 15:19:30,792] INFO - Respiration Rate: 16.9 BPM
[2025-05-30 15:19:30,902] INFO - Respiration Rate: 16.9 BPM
[2025-05-30 15:19:31,010] INFO - Respiration Rate: 16.9 BPM
[2025-05-30 15:19:31,119] INFO - Respiration Rate: 16.9 BPM
[2025-05-30 15:19:31,245] INFO - Respiration Rate: 16.8 BPM
[2025-05-30 15:19:31,358] INFO - Respiration Rate: 16.8 BPM
[2025-05-30 15:19:31,471] INFO - Respiration Rate: 16.8 BPM
[2025-05-30 15:19:31,583] INFO - Respiration Rate: 16.7 BPM
[2025-05-30 15:19:31,695] INFO - Respiration Rate: 16.7 BPM
[2025-05-30 15:19:31,808] INFO - Respiration Rate: 16.7 BPM
[2025-05-30 15:19:31,917] INFO - Respiration Rate: 16.6 BPM
[2025-05-30 15:19:32,027] INFO - Respiration Rate: 16.6 BPM
[2025-05-30 15:19:32,136] INFO - Respiration Rate: 16.6 BPM
[2025-05-30 15:19:32,249] INFO - Respiration Rate: 16.5 BPM
[2025-05-30 15:19:32,360] INFO - Respiration Rate: 16.5 BPM
[2025-05-30 15:19:32,474] INFO - Respiration Rate: 16.5 BPM
[2025-05-30 15:19:32,585] INFO - Respiration Rate: 16.5 BPM
[2025-05-30 15:19:32,699] INFO - Respiration Rate: 16.4 BPM
[2025-05-30 15:19:32,806] INFO - Respiration Rate: 16.4 BPM
[2025-05-30 15:19:32,916] INFO - Respiration Rate: 16.4 BPM
[2025-05-30 15:19:33,026] INFO - Respiration Rate: 16.3 BPM
[2025-05-30 15:19:33,139] INFO - Respiration Rate: 16.3 BPM
[2025-05-30 15:19:33,251] INFO - Respiration Rate: 16.3 BPM
[2025-05-30 15:19:33,363] INFO - Respiration Rate: 16.2 BPM
[2025-05-30 15:19:33,476] INFO - Respiration Rate: 16.2 BPM
[2025-05-30 15:19:33,585] INFO - Respiration Rate: 16.2 BPM
[2025-05-30 15:19:33,695] INFO - Respiration Rate: 16.2 BPM
[2025-05-30 15:19:33,805] INFO - Respiration Rate: 16.1 BPM
[2025-05-30 15:19:33,915] INFO - Respiration Rate: 16.1 BPM
[2025-05-30 15:19:34,023] INFO - Respiration Rate: 16.1 BPM
[2025-05-30 15:19:34,131] INFO - Respiration Rate: 16.0 BPM
[2025-05-30 15:19:34,238] INFO - Respiration Rate: 16.0 BPM
[2025-05-30 15:19:34,346] INFO - Respiration Rate: 16.0 BPM
[2025-05-30 15:19:34,458] INFO - Respiration Rate: 16.0 BPM
[2025-05-30 15:19:34,569] INFO - Respiration Rate: 15.9 BPM
[2025-05-30 15:19:34,681] INFO - Respiration Rate: 15.9 BPM
[2025-05-30 15:19:34,791] INFO - Respiration Rate: 15.9 BPM
[2025-05-30 15:19:34,899] INFO - Respiration Rate: 15.8 BPM
[2025-05-30 15:19:35,007] INFO - Respiration Rate: 15.8 BPM
[2025-05-30 15:19:35,113] INFO - Respiration Rate: 15.8 BPM
[2025-05-30 15:19:35,222] INFO - Respiration Rate: 15.8 BPM
[2025-05-30 15:19:35,331] INFO - Respiration Rate: 15.7 BPM
[2025-05-30 15:19:35,440] INFO - Respiration Rate: 15.7 BPM
[2025-05-30 15:19:35,550] INFO - Respiration Rate: 15.7 BPM
[2025-05-30 15:19:35,659] INFO - Respiration Rate: 15.7 BPM
[2025-05-30 15:19:35,772] INFO - Respiration Rate: 15.6 BPM
[2025-05-30 15:19:35,881] INFO - Respiration Rate: 15.6 BPM
[2025-05-30 15:19:35,992] INFO - Respiration Rate: 15.6 BPM
[2025-05-30 15:19:36,103] INFO - Respiration Rate: 15.5 BPM
[2025-05-30 15:19:36,212] INFO - Respiration Rate: 15.5 BPM
[2025-05-30 15:19:36,321] INFO - Respiration Rate: 15.5 BPM
[2025-05-30 15:19:36,431] INFO - Respiration Rate: 15.5 BPM
[2025-05-30 15:19:36,542] INFO - Respiration Rate: 15.4 BPM
[2025-05-30 15:19:36,656] INFO - Respiration Rate: 15.4 BPM
[2025-05-30 15:19:36,772] INFO - Respiration Rate: 15.4 BPM
[2025-05-30 15:19:36,883] INFO - Respiration Rate: 15.4 BPM
[2025-05-30 15:19:36,994] INFO - Respiration Rate: 15.3 BPM
[2025-05-30 15:19:37,101] INFO - Respiration Rate: 15.3 BPM
[2025-05-30 15:19:37,208] INFO - Respiration Rate: 18.3 BPM
[2025-05-30 15:19:37,315] INFO - Respiration Rate: 18.3 BPM
[2025-05-30 15:19:37,424] INFO - Respiration Rate: 18.3 BPM
[2025-05-30 15:19:37,530] INFO - Respiration Rate: 18.2 BPM
[2025-05-30 15:19:37,638] INFO - Respiration Rate: 18.2 BPM
[2025-05-30 15:19:37,747] INFO - Respiration Rate: 18.2 BPM
[2025-05-30 15:19:37,856] INFO - Respiration Rate: 18.2 BPM
[2025-05-30 15:19:37,963] INFO - Respiration Rate: 18.1 BPM
[2025-05-30 15:19:38,075] INFO - Respiration Rate: 18.1 BPM
[2025-05-30 15:19:38,185] INFO - Respiration Rate: 18.1 BPM
[2025-05-30 15:19:38,299] INFO - Respiration Rate: 18.0 BPM
[2025-05-30 15:19:38,408] INFO - Respiration Rate: 18.0 BPM
[2025-05-30 15:19:38,520] INFO - Respiration Rate: 18.0 BPM
[2025-05-30 15:19:38,628] INFO - Respiration Rate: 17.9 BPM
[2025-05-30 15:19:38,740] INFO - Respiration Rate: 17.9 BPM
[2025-05-30 15:19:38,850] INFO - Respiration Rate: 17.9 BPM
[2025-05-30 15:19:38,960] INFO - Respiration Rate: 17.9 BPM
[2025-05-30 15:19:39,071] INFO - Respiration Rate: 17.8 BPM
[2025-05-30 15:19:39,182] INFO - Respiration Rate: 17.8 BPM
[2025-05-30 15:19:39,291] INFO - Respiration Rate: 17.8 BPM
[2025-05-30 15:19:39,401] INFO - Respiration Rate: 17.7 BPM
[2025-05-30 15:19:39,510] INFO - Respiration Rate: 17.7 BPM
[2025-05-30 15:19:39,617] INFO - Respiration Rate: 17.7 BPM
[2025-05-30 15:19:39,726] INFO - Respiration Rate: 17.6 BPM
[2025-05-30 15:19:39,837] INFO - Respiration Rate: 17.6 BPM
[2025-05-30 15:19:39,947] INFO - Respiration Rate: 17.6 BPM
[2025-05-30 15:19:40,058] INFO - Respiration Rate: 17.6 BPM
[2025-05-30 15:19:40,164] INFO - Respiration Rate: 17.5 BPM
[2025-05-30 15:19:40,274] INFO - Respiration Rate: 17.5 BPM
[2025-05-30 15:19:40,382] INFO - Respiration Rate: 17.5 BPM
[2025-05-30 15:19:40,490] INFO - Respiration Rate: 17.4 BPM
[2025-05-30 15:19:40,601] INFO - Respiration Rate: 17.4 BPM
[2025-05-30 15:19:40,708] INFO - Respiration Rate: 17.4 BPM
[2025-05-30 15:19:40,822] INFO - Respiration Rate: 17.4 BPM
[2025-05-30 15:19:40,933] INFO - Respiration Rate: 17.3 BPM
[2025-05-30 15:19:41,043] INFO - Respiration Rate: 17.3 BPM
[2025-05-30 15:19:41,152] INFO - Respiration Rate: 17.3 BPM
[2025-05-30 15:19:41,259] INFO - Respiration Rate: 17.3 BPM
[2025-05-30 15:19:41,370] INFO - Respiration Rate: 17.2 BPM
[2025-05-30 15:19:41,478] INFO - Respiration Rate: 17.2 BPM
[2025-05-30 15:19:41,588] INFO - Respiration Rate: 17.2 BPM
[2025-05-30 15:19:41,696] INFO - Respiration Rate: 17.1 BPM
[2025-05-30 15:19:41,805] INFO - Respiration Rate: 17.1 BPM
[2025-05-30 15:19:41,914] INFO - Respiration Rate: 17.1 BPM
[2025-05-30 15:19:42,024] INFO - Respiration Rate: 17.1 BPM
[2025-05-30 15:19:42,134] INFO - Respiration Rate: 17.0 BPM
[2025-05-30 15:19:42,243] INFO - Respiration Rate: 17.0 BPM
[2025-05-30 15:19:42,356] INFO - Respiration Rate: 17.0 BPM
[2025-05-30 15:19:42,473] INFO - Respiration Rate: 17.0 BPM
[2025-05-30 15:19:42,586] INFO - Respiration Rate: 16.9 BPM
[2025-05-30 15:19:42,697] INFO - Respiration Rate: 16.9 BPM
[2025-05-30 15:19:42,815] INFO - Respiration Rate: 16.9 BPM
[2025-05-30 15:19:42,928] INFO - Respiration Rate: 16.8 BPM
[2025-05-30 15:19:43,040] INFO - Respiration Rate: 16.8 BPM
[2025-05-30 15:19:43,151] INFO - Respiration Rate: 16.8 BPM
[2025-05-30 15:19:43,264] INFO - Respiration Rate: 16.8 BPM
[2025-05-30 15:19:43,376] INFO - Respiration Rate: 16.7 BPM
[2025-05-30 15:19:43,486] INFO - Respiration Rate: 16.7 BPM
[2025-05-30 15:19:43,597] INFO - Respiration Rate: 16.7 BPM
[2025-05-30 15:19:43,712] INFO - Respiration Rate: 16.7 BPM
[2025-05-30 15:19:43,824] INFO - Respiration Rate: 16.6 BPM
[2025-05-30 15:19:43,935] INFO - Respiration Rate: 16.6 BPM
[2025-05-30 15:19:44,049] INFO - Respiration Rate: 16.6 BPM
[2025-05-30 15:19:44,160] INFO - Respiration Rate: 16.6 BPM
[2025-05-30 15:19:44,273] INFO - Respiration Rate: 16.5 BPM
[2025-05-30 15:19:44,385] INFO - Respiration Rate: 16.5 BPM
[2025-05-30 15:19:44,494] INFO - Respiration Rate: 16.5 BPM
[2025-05-30 15:19:44,605] INFO - Respiration Rate: 16.5 BPM
[2025-05-30 15:19:44,715] INFO - Respiration Rate: 16.4 BPM
[2025-05-30 15:19:44,831] INFO - Respiration Rate: 16.4 BPM
[2025-05-30 15:19:44,948] INFO - Respiration Rate: 16.4 BPM
[2025-05-30 15:19:45,062] INFO - Respiration Rate: 16.4 BPM
[2025-05-30 15:19:45,174] INFO - Respiration Rate: 16.3 BPM
[2025-05-30 15:19:45,287] INFO - Respiration Rate: 16.3 BPM
[2025-05-30 15:19:45,401] INFO - Respiration Rate: 16.3 BPM
[2025-05-30 15:19:45,514] INFO - Respiration Rate: 16.3 BPM
[2025-05-30 15:19:45,627] INFO - Respiration Rate: 16.2 BPM
[2025-05-30 15:19:45,742] INFO - Respiration Rate: 16.2 BPM
[2025-05-30 15:19:45,855] INFO - Respiration Rate: 16.2 BPM
[2025-05-30 15:19:45,969] INFO - Respiration Rate: 16.2 BPM
[2025-05-30 15:19:46,083] INFO - Respiration Rate: 16.1 BPM
[2025-05-30 15:19:46,197] INFO - Respiration Rate: 16.1 BPM
[2025-05-30 15:19:46,312] INFO - Respiration Rate: 16.1 BPM
[2025-05-30 15:19:46,432] INFO - Respiration Rate: 16.1 BPM
[2025-05-30 15:19:46,553] INFO - Respiration Rate: 16.0 BPM
[2025-05-30 15:19:46,672] INFO - Respiration Rate: 16.0 BPM
[2025-05-30 15:19:46,791] INFO - Respiration Rate: 16.0 BPM
[2025-05-30 15:19:46,905] INFO - Respiration Rate: 16.0 BPM
[2025-05-30 15:19:47,025] INFO - Respiration Rate: 16.0 BPM
[2025-05-30 15:19:47,141] INFO - Respiration Rate: 15.9 BPM
[2025-05-30 15:19:47,257] INFO - Respiration Rate: 15.9 BPM
[2025-05-30 15:19:47,371] INFO - Respiration Rate: 15.9 BPM
[2025-05-30 15:19:47,485] INFO - Respiration Rate: 15.9 BPM
[2025-05-30 15:19:47,622] INFO - Respiration Rate: 15.8 BPM
[2025-05-30 15:19:47,744] INFO - Respiration Rate: 15.8 BPM
[2025-05-30 15:19:47,869] INFO - Respiration Rate: 15.8 BPM
[2025-05-30 15:19:47,986] INFO - Respiration Rate: 15.8 BPM
[2025-05-30 15:19:48,106] INFO - Respiration Rate: 15.7 BPM
[2025-05-30 15:19:48,221] INFO - Respiration Rate: 15.7 BPM
[2025-05-30 15:19:48,337] INFO - Respiration Rate: 15.7 BPM
[2025-05-30 15:19:48,451] INFO - Respiration Rate: 15.7 BPM
[2025-05-30 15:19:48,564] INFO - Respiration Rate: 15.7 BPM
[2025-05-30 15:19:48,680] INFO - Respiration Rate: 15.6 BPM
[2025-05-30 15:19:48,801] INFO - Respiration Rate: 15.6 BPM
[2025-05-30 15:19:48,920] INFO - Respiration Rate: 15.6 BPM
[2025-05-30 15:19:49,038] INFO - Respiration Rate: 7.8 BPM
[2025-05-30 15:19:49,160] INFO - Respiration Rate: 7.8 BPM
[2025-05-30 15:19:49,277] INFO - Respiration Rate: 7.8 BPM
[2025-05-30 15:19:49,395] INFO - Respiration Rate: 7.7 BPM
[2025-05-30 15:19:49,511] INFO - Respiration Rate: 7.7 BPM
[2025-05-30 15:19:49,624] INFO - Respiration Rate: 7.7 BPM
[2025-05-30 15:19:49,742] INFO - Respiration Rate: 7.7 BPM
[2025-05-30 15:19:49,855] INFO - Respiration Rate: 7.7 BPM
[2025-05-30 15:19:49,973] INFO - Respiration Rate: 7.7 BPM
[2025-05-30 15:19:50,089] INFO - Respiration Rate: 7.7 BPM
[2025-05-30 15:19:50,203] INFO - Respiration Rate: 7.7 BPM
[2025-05-30 15:19:50,317] INFO - Respiration Rate: 7.7 BPM
[2025-05-30 15:19:50,432] INFO - Respiration Rate: 7.6 BPM
[2025-05-30 15:19:50,555] INFO - Respiration Rate: 7.6 BPM
[2025-05-30 15:19:50,681] INFO - Respiration Rate: 7.6 BPM
[2025-05-30 15:19:50,840] INFO - Respiration Rate: 7.6 BPM
[2025-05-30 15:19:51,002] INFO - Respiration Rate: 17.7 BPM
[2025-05-30 15:19:51,150] INFO - Respiration Rate: 17.7 BPM
[2025-05-30 15:19:51,307] INFO - Respiration Rate: 17.7 BPM
[2025-05-30 15:19:51,450] INFO - Respiration Rate: 17.7 BPM
[2025-05-30 15:19:51,594] INFO - Respiration Rate: 17.6 BPM
[2025-05-30 15:19:51,730] INFO - Respiration Rate: 17.6 BPM
[2025-05-30 15:19:51,867] INFO - Respiration Rate: 17.6 BPM
[2025-05-30 15:19:52,009] INFO - Respiration Rate: 17.6 BPM
[2025-05-30 15:19:52,152] INFO - Respiration Rate: 17.5 BPM
[2025-05-30 15:19:52,283] INFO - Respiration Rate: 17.5 BPM
[2025-05-30 15:19:52,412] INFO - Respiration Rate: 17.5 BPM
[2025-05-30 15:19:52,536] INFO - Respiration Rate: 17.5 BPM
[2025-05-30 15:19:52,661] INFO - Respiration Rate: 17.5 BPM
[2025-05-30 15:19:52,781] INFO - Respiration Rate: 17.4 BPM
[2025-05-30 15:19:52,899] INFO - Respiration Rate: 17.4 BPM
[2025-05-30 15:19:53,028] INFO - Respiration Rate: 17.4 BPM
[2025-05-30 15:19:53,153] INFO - Respiration Rate: 17.4 BPM
[2025-05-30 15:19:53,275] INFO - Respiration Rate: 17.3 BPM
[2025-05-30 15:19:53,395] INFO - Respiration Rate: 17.3 BPM
[2025-05-30 15:19:53,514] INFO - Respiration Rate: 17.3 BPM
[2025-05-30 15:19:53,634] INFO - Respiration Rate: 17.3 BPM
[2025-05-30 15:19:53,751] INFO - Respiration Rate: 17.2 BPM
[2025-05-30 15:19:53,867] INFO - Respiration Rate: 17.2 BPM
[2025-05-30 15:19:53,981] INFO - Respiration Rate: 17.2 BPM
[2025-05-30 15:19:54,097] INFO - Respiration Rate: 17.2 BPM
[2025-05-30 15:19:54,214] INFO - Respiration Rate: 17.1 BPM
[2025-05-30 15:19:54,331] INFO - Respiration Rate: 17.1 BPM
[2025-05-30 15:19:54,442] INFO - Respiration Rate: 17.1 BPM
[2025-05-30 15:19:54,560] INFO - Respiration Rate: 17.1 BPM
[2025-05-30 15:19:54,688] INFO - Respiration Rate: 17.1 BPM
[2025-05-30 15:19:54,838] INFO - Respiration Rate: 17.0 BPM
[2025-05-30 15:19:55,011] INFO - Respiration Rate: 17.0 BPM
[2025-05-30 15:19:55,171] INFO - Respiration Rate: 17.0 BPM
[2025-05-30 15:19:55,312] INFO - Respiration Rate: 17.0 BPM
[2025-05-30 15:19:55,451] INFO - Respiration Rate: 16.9 BPM
[2025-05-30 15:19:55,584] INFO - Respiration Rate: 16.9 BPM
[2025-05-30 15:19:55,716] INFO - Respiration Rate: 16.9 BPM
[2025-05-30 15:19:55,840] INFO - Respiration Rate: 16.9 BPM
[2025-05-30 15:19:55,969] INFO - Respiration Rate: 16.8 BPM
[2025-05-30 15:19:56,095] INFO - Respiration Rate: 16.8 BPM
[2025-05-30 15:19:56,217] INFO - Respiration Rate: 16.8 BPM
[2025-05-30 15:19:56,339] INFO - Respiration Rate: 16.8 BPM
[2025-05-30 15:19:56,459] INFO - Respiration Rate: 16.8 BPM
[2025-05-30 15:19:56,575] INFO - Respiration Rate: 16.7 BPM
[2025-05-30 15:19:56,692] INFO - Respiration Rate: 16.7 BPM
[2025-05-30 15:19:56,810] INFO - Respiration Rate: 16.7 BPM
[2025-05-30 15:19:56,933] INFO - Respiration Rate: 16.7 BPM
[2025-05-30 15:19:57,052] INFO - Respiration Rate: 16.6 BPM
[2025-05-30 15:19:57,170] INFO - Respiration Rate: 16.6 BPM
[2025-05-30 15:19:57,286] INFO - Respiration Rate: 16.6 BPM
[2025-05-30 15:19:57,407] INFO - Respiration Rate: 16.6 BPM
[2025-05-30 15:19:57,531] INFO - Respiration Rate: 16.6 BPM
[2025-05-30 15:19:57,651] INFO - Respiration Rate: 16.5 BPM
[2025-05-30 15:19:57,772] INFO - Respiration Rate: 16.5 BPM
[2025-05-30 15:19:57,891] INFO - Respiration Rate: 16.5 BPM
[2025-05-30 15:19:58,011] INFO - Respiration Rate: 16.5 BPM
[2025-05-30 15:19:58,130] INFO - Respiration Rate: 16.4 BPM
[2025-05-30 15:19:58,248] INFO - Respiration Rate: 16.4 BPM
[2025-05-30 15:19:58,367] INFO - Respiration Rate: 16.4 BPM
[2025-05-30 15:19:58,485] INFO - Respiration Rate: 16.4 BPM
[2025-05-30 15:19:58,604] INFO - Respiration Rate: 16.4 BPM
[2025-05-30 15:19:58,725] INFO - Respiration Rate: 16.3 BPM
[2025-05-30 15:19:58,844] INFO - Respiration Rate: 16.3 BPM
[2025-05-30 15:19:58,968] INFO - Respiration Rate: 7.0 BPM
[2025-05-30 15:19:59,089] INFO - Respiration Rate: 7.0 BPM
[2025-05-30 15:19:59,212] INFO - Respiration Rate: 7.0 BPM
[2025-05-30 15:19:59,334] INFO - Respiration Rate: 7.0 BPM
[2025-05-30 15:19:59,455] INFO - Respiration Rate: 6.9 BPM
[2025-05-30 15:19:59,584] INFO - Respiration Rate: 6.9 BPM
[2025-05-30 15:19:59,716] INFO - Respiration Rate: 6.9 BPM
[2025-05-30 15:19:59,840] INFO - Respiration Rate: 6.9 BPM
[2025-05-30 15:19:59,958] INFO - Respiration Rate: 6.9 BPM
[2025-05-30 15:20:00,079] INFO - Respiration Rate: 6.9 BPM
[2025-05-30 15:20:00,201] INFO - Respiration Rate: 6.9 BPM
[2025-05-30 15:20:00,337] INFO - Respiration Rate: 6.9 BPM
[2025-05-30 15:20:00,470] INFO - Respiration Rate: 6.9 BPM
[2025-05-30 15:20:00,605] INFO - Respiration Rate: 6.9 BPM
[2025-05-30 15:20:00,733] INFO - Respiration Rate: 6.9 BPM
[2025-05-30 15:20:00,858] INFO - Respiration Rate: 6.9 BPM
[2025-05-30 15:20:00,984] INFO - Respiration Rate: 6.8 BPM
[2025-05-30 15:20:01,116] INFO - Respiration Rate: 6.8 BPM
[2025-05-30 15:20:01,251] INFO - Respiration Rate: 6.8 BPM
[2025-05-30 15:20:01,372] INFO - Respiration Rate: 6.8 BPM
[2025-05-30 15:20:01,494] INFO - Respiration Rate: 6.8 BPM
[2025-05-30 15:20:01,615] INFO - Respiration Rate: 6.8 BPM
[2025-05-30 15:20:01,735] INFO - Respiration Rate: 6.8 BPM
[2025-05-30 15:20:01,856] INFO - Respiration Rate: 6.8 BPM
[2025-05-30 15:20:01,974] INFO - Respiration Rate: 6.8 BPM
[2025-05-30 15:20:02,094] INFO - Respiration Rate: 6.8 BPM
[2025-05-30 15:20:02,212] INFO - Respiration Rate: 6.8 BPM
[2025-05-30 15:20:02,329] INFO - Respiration Rate: 6.7 BPM
[2025-05-30 15:20:02,446] INFO - Respiration Rate: 6.7 BPM
[2025-05-30 15:20:02,564] INFO - Respiration Rate: 6.7 BPM
[2025-05-30 15:20:02,688] INFO - Respiration Rate: 6.7 BPM
[2025-05-30 15:20:02,818] INFO - Respiration Rate: 6.7 BPM
[2025-05-30 15:20:02,948] INFO - Respiration Rate: 6.7 BPM
[2025-05-30 15:20:03,082] INFO - Respiration Rate: 6.7 BPM
[2025-05-30 15:20:03,225] INFO - Respiration Rate: 6.7 BPM
[2025-05-30 15:20:03,363] INFO - Respiration Rate: 6.7 BPM
[2025-05-30 15:20:03,494] INFO - Respiration Rate: 6.7 BPM
[2025-05-30 15:20:03,624] INFO - Respiration Rate: 6.7 BPM
[2025-05-30 15:20:03,754] INFO - Respiration Rate: 6.7 BPM
[2025-05-30 15:20:03,882] INFO - Respiration Rate: 6.7 BPM
[2025-05-30 15:20:04,006] INFO - Respiration Rate: 6.6 BPM
[2025-05-30 15:20:04,187] INFO - Respiration Rate: 6.6 BPM
[2025-05-30 15:20:04,316] INFO - Respiration Rate: 6.6 BPM
[2025-05-30 15:20:04,487] INFO - Respiration Rate: 6.6 BPM
[2025-05-30 15:20:04,653] INFO - Respiration Rate: 6.6 BPM
[2025-05-30 15:20:04,821] INFO - Respiration Rate: 6.6 BPM
[2025-05-30 15:20:04,984] INFO - Respiration Rate: 6.6 BPM
[2025-05-30 15:20:05,148] INFO - Respiration Rate: 6.6 BPM
[2025-05-30 15:20:05,312] INFO - Respiration Rate: 6.6 BPM
[2025-05-30 15:20:05,473] INFO - Respiration Rate: 6.6 BPM
[2025-05-30 15:20:05,635] INFO - Respiration Rate: 6.6 BPM
[2025-05-30 15:20:05,811] INFO - Respiration Rate: 6.6 BPM
[2025-05-30 15:20:05,983] INFO - Respiration Rate: 6.5 BPM
[2025-05-30 15:20:06,150] INFO - Respiration Rate: 6.5 BPM
[2025-05-30 15:20:06,314] INFO - Respiration Rate: 6.5 BPM
[2025-05-30 15:20:06,475] INFO - Respiration Rate: 6.5 BPM
[2025-05-30 15:20:06,637] INFO - Respiration Rate: 6.5 BPM
[2025-05-30 15:20:06,824] INFO - Respiration Rate: 6.5 BPM
[2025-05-30 15:20:06,995] INFO - Respiration Rate: 17.3 BPM
[2025-05-30 15:20:07,161] INFO - Respiration Rate: 6.5 BPM
[2025-05-30 15:20:07,320] INFO - Respiration Rate: 6.5 BPM
[2025-05-30 15:20:07,481] INFO - Respiration Rate: 6.5 BPM
[2025-05-30 15:20:07,641] INFO - Respiration Rate: 6.5 BPM
[2025-05-30 15:20:07,807] INFO - Respiration Rate: 6.5 BPM
[2025-05-30 15:20:07,975] INFO - Respiration Rate: 6.5 BPM
[2025-05-30 15:20:08,147] INFO - Respiration Rate: 6.4 BPM
[2025-05-30 15:20:08,311] INFO - Respiration Rate: 6.4 BPM
[2025-05-30 15:20:08,474] INFO - Respiration Rate: 6.4 BPM
[2025-05-30 15:20:08,636] INFO - Respiration Rate: 6.4 BPM
[2025-05-30 15:20:08,799] INFO - Respiration Rate: 6.4 BPM
[2025-05-30 15:20:08,958] INFO - Respiration Rate: 6.4 BPM
[2025-05-30 15:20:09,119] INFO - Respiration Rate: 6.4 BPM
[2025-05-30 15:20:09,279] INFO - Respiration Rate: 6.4 BPM
[2025-05-30 15:20:09,437] INFO - Respiration Rate: 6.4 BPM
[2025-05-30 15:20:09,597] INFO - Respiration Rate: 6.4 BPM
[2025-05-30 15:20:09,761] INFO - Respiration Rate: 6.4 BPM
[2025-05-30 15:20:09,923] INFO - Respiration Rate: 6.4 BPM
[2025-05-30 15:20:10,091] INFO - Respiration Rate: 6.4 BPM
[2025-05-30 15:20:10,255] INFO - Respiration Rate: 6.3 BPM
[2025-05-30 15:20:10,420] INFO - Respiration Rate: 6.3 BPM
[2025-05-30 15:20:10,581] INFO - Respiration Rate: 6.3 BPM
[2025-05-30 15:20:10,744] INFO - Respiration Rate: 16.9 BPM
[2025-05-30 15:20:10,904] INFO - Respiration Rate: 16.8 BPM
[2025-05-30 15:20:11,066] INFO - Respiration Rate: 16.8 BPM
[2025-05-30 15:20:11,231] INFO - Respiration Rate: 16.8 BPM
[2025-05-30 15:20:11,397] INFO - Respiration Rate: 16.8 BPM
[2025-05-30 15:20:11,558] INFO - Respiration Rate: 16.8 BPM
[2025-05-30 15:20:11,727] INFO - Respiration Rate: 16.7 BPM
[2025-05-30 15:20:11,892] INFO - Respiration Rate: 16.7 BPM
[2025-05-30 15:20:12,059] INFO - Respiration Rate: 16.7 BPM
[2025-05-30 15:20:12,222] INFO - Respiration Rate: 16.7 BPM
[2025-05-30 15:20:12,390] INFO - Respiration Rate: 16.7 BPM
[2025-05-30 15:20:12,559] INFO - Respiration Rate: 16.6 BPM
[2025-05-30 15:20:12,725] INFO - Respiration Rate: 16.6 BPM
[2025-05-30 15:20:12,900] INFO - Respiration Rate: 16.6 BPM
[2025-05-30 15:20:13,078] INFO - Respiration Rate: 16.6 BPM
[2025-05-30 15:20:13,252] INFO - Respiration Rate: 16.6 BPM
[2025-05-30 15:20:13,421] INFO - Respiration Rate: 16.6 BPM
[2025-05-30 15:20:13,590] INFO - Respiration Rate: 16.5 BPM
[2025-05-30 15:20:13,758] INFO - Respiration Rate: 16.5 BPM
[2025-05-30 15:20:13,920] INFO - Respiration Rate: 16.5 BPM
[2025-05-30 15:20:14,090] INFO - Respiration Rate: 16.5 BPM
[2025-05-30 15:20:14,261] INFO - Respiration Rate: 16.5 BPM
[2025-05-30 15:20:14,442] INFO - Respiration Rate: 16.4 BPM
[2025-05-30 15:20:14,621] INFO - Respiration Rate: 16.4 BPM
[2025-05-30 15:20:14,823] INFO - Respiration Rate: 16.4 BPM
[2025-05-30 15:20:15,004] INFO - Respiration Rate: 16.4 BPM
[2025-05-30 15:20:15,187] INFO - Respiration Rate: 16.4 BPM
[2025-05-30 15:20:15,366] INFO - Respiration Rate: 16.3 BPM
[2025-05-30 15:20:15,544] INFO - Respiration Rate: 16.3 BPM
[2025-05-30 15:20:15,712] INFO - Respiration Rate: 16.3 BPM
[2025-05-30 15:20:15,874] INFO - Respiration Rate: 16.3 BPM
[2025-05-30 15:20:16,054] INFO - Respiration Rate: 14.2 BPM
[2025-05-30 15:20:16,240] INFO - Respiration Rate: 14.2 BPM
[2025-05-30 15:20:16,414] INFO - Respiration Rate: 14.2 BPM
[2025-05-30 15:20:16,581] INFO - Respiration Rate: 14.2 BPM
[2025-05-30 15:20:16,748] INFO - Respiration Rate: 14.2 BPM
[2025-05-30 15:20:16,922] INFO - Respiration Rate: 14.2 BPM
[2025-05-30 15:20:17,097] INFO - Respiration Rate: 14.1 BPM
[2025-05-30 15:20:17,279] INFO - Respiration Rate: 14.1 BPM
[2025-05-30 15:20:17,449] INFO - Respiration Rate: 14.1 BPM
[2025-05-30 15:20:17,615] INFO - Respiration Rate: 14.1 BPM
[2025-05-30 15:20:17,780] INFO - Respiration Rate: 14.1 BPM
[2025-05-30 15:20:17,949] INFO - Respiration Rate: 14.1 BPM
[2025-05-30 15:20:18,114] INFO - Respiration Rate: 14.0 BPM
[2025-05-30 15:20:18,282] INFO - Respiration Rate: 14.0 BPM
[2025-05-30 15:20:18,462] INFO - Respiration Rate: 14.0 BPM
[2025-05-30 15:20:18,640] INFO - Respiration Rate: 14.0 BPM
[2025-05-30 15:20:18,818] INFO - Respiration Rate: 14.0 BPM
[2025-05-30 15:20:18,987] INFO - Respiration Rate: 14.0 BPM
[2025-05-30 15:20:19,153] INFO - Respiration Rate: 14.0 BPM
[2025-05-30 15:20:19,317] INFO - Respiration Rate: 13.9 BPM
[2025-05-30 15:20:19,422] INFO - Respiration signals reset
[2025-05-30 15:21:51,189] INFO - Vital Signs Monitor application shutdown complete
[2025-05-30 15:21:56,275] INFO - Vital Signs Monitor application starting...
[2025-05-30 15:21:56,275] INFO - All dependencies verified successfully
[2025-05-30 15:21:56,276] INFO - Initializing main application...
[2025-05-30 15:21:56,337] INFO - Advanced pose landmarker not available (Unable to open file at D:\KULIAH\Semester 6\PSD\tugas-besar-dsp\.venv\lib\site-packages/D:\KULIAH\Semester 6\PSD\tugas-besar-dsp\pose_landmarker_full.task, errno=22), using basic pose
[2025-05-30 15:21:56,648] INFO - Starting application main loop...
[2025-05-30 15:22:06,756] INFO - Respiration Rate: 31.6 BPM
[2025-05-30 15:22:06,866] INFO - Respiration Rate: 31.0 BPM
[2025-05-30 15:22:06,975] INFO - Respiration Rate: 30.5 BPM
[2025-05-30 15:22:07,086] INFO - Respiration Rate: 30.0 BPM
[2025-05-30 15:22:07,195] INFO - Respiration Rate: 29.5 BPM
[2025-05-30 15:22:07,303] INFO - Respiration Rate: 29.0 BPM
[2025-05-30 15:22:07,416] INFO - Respiration Rate: 28.6 BPM
[2025-05-30 15:22:07,527] INFO - Respiration Rate: 28.1 BPM
[2025-05-30 15:22:07,636] INFO - Respiration Rate: 27.7 BPM
[2025-05-30 15:22:07,748] INFO - Respiration Rate: 27.3 BPM
[2025-05-30 15:22:07,856] INFO - Respiration Rate: 26.9 BPM
[2025-05-30 15:22:07,966] INFO - Respiration Rate: 26.5 BPM
[2025-05-30 15:22:08,074] INFO - Respiration Rate: 26.1 BPM
[2025-05-30 15:22:08,176] INFO - Respiration Rate: 25.7 BPM
[2025-05-30 15:22:08,279] INFO - Respiration Rate: 25.4 BPM
[2025-05-30 15:22:08,388] INFO - Respiration Rate: 25.0 BPM
[2025-05-30 15:22:08,496] INFO - Respiration Rate: 24.7 BPM
[2025-05-30 15:22:08,605] INFO - Respiration Rate: 24.3 BPM
[2025-05-30 15:22:08,713] INFO - Respiration Rate: 24.0 BPM
[2025-05-30 15:22:08,824] INFO - Respiration Rate: 23.7 BPM
[2025-05-30 15:22:08,932] INFO - Respiration Rate: 23.4 BPM
[2025-05-30 15:22:09,045] INFO - Respiration Rate: 23.1 BPM
[2025-05-30 15:22:09,155] INFO - Respiration Rate: 22.8 BPM
[2025-05-30 15:22:09,264] INFO - Respiration Rate: 22.5 BPM
[2025-05-30 15:22:09,374] INFO - Respiration Rate: 22.2 BPM
[2025-05-30 15:22:09,486] INFO - Respiration Rate: 22.0 BPM
[2025-05-30 15:22:09,600] INFO - Respiration Rate: 21.7 BPM
[2025-05-30 15:22:09,715] INFO - Respiration Rate: 21.4 BPM
[2025-05-30 15:22:09,817] INFO - Respiration Rate: 21.2 BPM
[2025-05-30 15:22:09,919] INFO - Respiration Rate: 20.9 BPM
[2025-05-30 15:22:10,023] INFO - Respiration Rate: 20.7 BPM
[2025-05-30 15:22:10,127] INFO - Respiration Rate: 20.5 BPM
[2025-05-30 15:22:10,232] INFO - Respiration Rate: 20.2 BPM
[2025-05-30 15:22:10,333] INFO - Respiration Rate: 20.0 BPM
[2025-05-30 15:22:10,431] INFO - Respiration Rate: 19.8 BPM
[2025-05-30 15:22:10,527] INFO - Respiration Rate: 19.6 BPM
[2025-05-30 15:22:10,667] INFO - Respiration Rate: 19.4 BPM
[2025-05-30 15:22:10,759] INFO - Respiration Rate: 19.1 BPM
[2025-05-30 15:22:10,862] INFO - Respiration Rate: 18.9 BPM
[2025-05-30 15:22:10,971] INFO - Respiration Rate: 18.8 BPM
[2025-05-30 15:22:11,080] INFO - Respiration Rate: 18.6 BPM
[2025-05-30 15:22:11,183] INFO - Respiration Rate: 18.4 BPM
[2025-05-30 15:22:11,292] INFO - Respiration Rate: 18.2 BPM
[2025-05-30 15:22:11,400] INFO - Respiration Rate: 18.0 BPM
[2025-05-30 15:22:11,510] INFO - Respiration Rate: 17.8 BPM
[2025-05-30 15:22:11,616] INFO - Respiration Rate: 17.6 BPM
[2025-05-30 15:22:11,730] INFO - Respiration Rate: 17.5 BPM
[2025-05-30 15:22:11,840] INFO - Respiration Rate: 17.3 BPM
[2025-05-30 15:22:11,939] INFO - Respiration Rate: 17.1 BPM
[2025-05-30 15:22:12,057] INFO - Respiration Rate: 17.0 BPM
[2025-05-30 15:22:12,162] INFO - Respiration Rate: 16.8 BPM
[2025-05-30 15:22:12,271] INFO - Respiration Rate: 16.7 BPM
[2025-05-30 15:22:12,382] INFO - Respiration Rate: 16.5 BPM
[2025-05-30 15:22:12,491] INFO - Respiration Rate: 16.4 BPM
[2025-05-30 15:22:12,602] INFO - Respiration Rate: 16.2 BPM
[2025-05-30 15:22:12,702] INFO - Respiration Rate: 16.1 BPM
[2025-05-30 15:22:12,818] INFO - Respiration Rate: 15.9 BPM
[2025-05-30 15:22:12,927] INFO - Respiration Rate: 15.8 BPM
[2025-05-30 15:22:13,037] INFO - Respiration Rate: 15.7 BPM
[2025-05-30 15:22:13,143] INFO - Respiration Rate: 15.5 BPM
[2025-05-30 15:22:13,256] INFO - Respiration Rate: 15.4 BPM
[2025-05-30 15:22:13,368] INFO - Respiration Rate: 15.3 BPM
[2025-05-30 15:22:13,473] INFO - Respiration Rate: 15.1 BPM
[2025-05-30 15:22:13,584] INFO - Respiration Rate: 15.0 BPM
[2025-05-30 15:22:13,693] INFO - Respiration Rate: 14.9 BPM
[2025-05-30 15:22:13,803] INFO - Respiration Rate: 14.8 BPM
[2025-05-30 15:22:13,912] INFO - Respiration Rate: 14.6 BPM
[2025-05-30 15:22:14,024] INFO - Respiration Rate: 14.5 BPM
[2025-05-30 15:22:14,134] INFO - Respiration Rate: 14.4 BPM
[2025-05-30 15:22:14,240] INFO - Respiration Rate: 14.3 BPM
[2025-05-30 15:22:14,349] INFO - Respiration Rate: 14.2 BPM
[2025-05-30 15:22:14,457] INFO - Respiration Rate: 14.1 BPM
[2025-05-30 15:22:14,572] INFO - Respiration Rate: 14.0 BPM
[2025-05-30 15:22:14,683] INFO - Respiration Rate: 13.8 BPM
[2025-05-30 15:22:14,804] INFO - Respiration Rate: 13.7 BPM
[2025-05-30 15:22:14,910] INFO - Respiration Rate: 13.6 BPM
[2025-05-30 15:22:15,013] INFO - Respiration Rate: 13.5 BPM
[2025-05-30 15:22:15,116] INFO - Respiration Rate: 13.4 BPM
[2025-05-30 15:22:15,216] INFO - Respiration Rate: 13.3 BPM
[2025-05-30 15:22:15,315] INFO - Respiration Rate: 13.2 BPM
[2025-05-30 15:22:15,413] INFO - Respiration Rate: 13.1 BPM
[2025-05-30 15:22:15,519] INFO - Respiration Rate: 13.0 BPM
[2025-05-30 15:22:15,629] INFO - Respiration Rate: 12.9 BPM
[2025-05-30 15:22:15,737] INFO - Respiration Rate: 12.9 BPM
[2025-05-30 15:22:15,847] INFO - Respiration Rate: 12.8 BPM
[2025-05-30 15:22:15,957] INFO - Respiration Rate: 12.7 BPM
[2025-05-30 15:22:16,058] INFO - Respiration Rate: 12.6 BPM
[2025-05-30 15:22:16,160] INFO - Respiration Rate: 12.5 BPM
[2025-05-30 15:22:16,267] INFO - Respiration Rate: 12.4 BPM
[2025-05-30 15:22:16,374] INFO - Respiration Rate: 12.3 BPM
[2025-05-30 15:22:16,481] INFO - Respiration Rate: 12.2 BPM
[2025-05-30 15:22:16,595] INFO - Respiration Rate: 12.2 BPM
[2025-05-30 15:22:16,700] INFO - Respiration Rate: 12.1 BPM
[2025-05-30 15:22:16,811] INFO - Respiration Rate: 12.0 BPM
[2025-05-30 15:22:16,924] INFO - Respiration Rate: 11.9 BPM
[2025-05-30 15:22:17,033] INFO - Respiration Rate: 11.8 BPM
[2025-05-30 15:22:17,143] INFO - Respiration Rate: 11.8 BPM
[2025-05-30 15:22:17,251] INFO - Respiration Rate: 11.7 BPM
[2025-05-30 15:22:17,364] INFO - Respiration Rate: 11.6 BPM
[2025-05-30 15:22:17,472] INFO - Respiration Rate: 11.5 BPM
[2025-05-30 15:22:17,576] INFO - Respiration Rate: 11.5 BPM
[2025-05-30 15:22:17,691] INFO - Respiration Rate: 11.4 BPM
[2025-05-30 15:22:17,795] INFO - Respiration Rate: 11.3 BPM
[2025-05-30 15:22:17,909] INFO - Respiration Rate: 11.2 BPM
[2025-05-30 15:22:18,023] INFO - Respiration Rate: 11.2 BPM
[2025-05-30 15:22:18,132] INFO - Respiration Rate: 11.1 BPM
[2025-05-30 15:22:18,244] INFO - Respiration Rate: 11.0 BPM
[2025-05-30 15:22:18,351] INFO - Respiration Rate: 11.0 BPM
[2025-05-30 15:22:18,460] INFO - Respiration Rate: 10.9 BPM
[2025-05-30 15:22:18,567] INFO - Respiration Rate: 10.8 BPM
[2025-05-30 15:22:18,670] INFO - Respiration Rate: 10.8 BPM
[2025-05-30 15:22:18,773] INFO - Respiration Rate: 10.7 BPM
[2025-05-30 15:22:18,881] INFO - Respiration Rate: 10.7 BPM
[2025-05-30 15:22:18,985] INFO - Respiration Rate: 10.6 BPM
[2025-05-30 15:22:19,095] INFO - Respiration Rate: 10.5 BPM
[2025-05-30 15:22:19,207] INFO - Respiration Rate: 10.5 BPM
[2025-05-30 15:22:19,314] INFO - Respiration Rate: 10.4 BPM
[2025-05-30 15:22:19,427] INFO - Respiration Rate: 20.7 BPM
[2025-05-30 15:22:19,547] INFO - Respiration Rate: 20.6 BPM
[2025-05-30 15:22:19,679] INFO - Respiration Rate: 20.5 BPM
[2025-05-30 15:22:19,803] INFO - Respiration Rate: 20.3 BPM
[2025-05-30 15:22:19,931] INFO - Respiration Rate: 20.2 BPM
[2025-05-30 15:22:20,053] INFO - Respiration Rate: 20.1 BPM
[2025-05-30 15:22:20,174] INFO - Respiration Rate: 20.0 BPM
[2025-05-30 15:22:20,287] INFO - Respiration Rate: 19.9 BPM
[2025-05-30 15:22:20,400] INFO - Respiration Rate: 19.8 BPM
[2025-05-30 15:22:20,511] INFO - Respiration Rate: 19.7 BPM
[2025-05-30 15:22:20,619] INFO - Respiration Rate: 19.6 BPM
[2025-05-30 15:22:20,744] INFO - Respiration Rate: 19.5 BPM
[2025-05-30 15:22:20,867] INFO - Respiration Rate: 19.4 BPM
[2025-05-30 15:22:20,994] INFO - Respiration Rate: 19.3 BPM
[2025-05-30 15:22:21,112] INFO - Respiration Rate: 19.1 BPM
[2025-05-30 15:22:21,226] INFO - Respiration Rate: 19.0 BPM
[2025-05-30 15:22:21,335] INFO - Respiration Rate: 18.9 BPM
[2025-05-30 15:22:21,441] INFO - Respiration Rate: 18.8 BPM
[2025-05-30 15:22:21,540] INFO - Respiration Rate: 18.8 BPM
[2025-05-30 15:22:21,639] INFO - Respiration Rate: 18.7 BPM
[2025-05-30 15:22:21,737] INFO - Respiration Rate: 18.6 BPM
[2025-05-30 15:22:21,843] INFO - Respiration Rate: 18.5 BPM
[2025-05-30 15:22:21,947] INFO - Respiration Rate: 18.4 BPM
[2025-05-30 15:22:22,059] INFO - Respiration Rate: 18.3 BPM
[2025-05-30 15:22:22,162] INFO - Respiration Rate: 18.2 BPM
[2025-05-30 15:22:22,261] INFO - Respiration Rate: 18.1 BPM
[2025-05-30 15:22:22,375] INFO - Respiration Rate: 18.0 BPM
[2025-05-30 15:22:22,482] INFO - Respiration Rate: 17.9 BPM
[2025-05-30 15:22:22,594] INFO - Respiration Rate: 17.8 BPM
[2025-05-30 15:22:22,707] INFO - Respiration Rate: 17.7 BPM
[2025-05-30 15:22:22,813] INFO - Respiration Rate: 17.6 BPM
[2025-05-30 15:22:22,921] INFO - Respiration Rate: 17.6 BPM
[2025-05-30 15:22:23,032] INFO - Respiration Rate: 17.5 BPM
[2025-05-30 15:22:23,140] INFO - Respiration Rate: 17.4 BPM
[2025-05-30 15:22:23,249] INFO - Respiration Rate: 17.3 BPM
[2025-05-30 15:22:23,352] INFO - Respiration Rate: 17.2 BPM
[2025-05-30 15:22:23,452] INFO - Respiration Rate: 17.1 BPM
[2025-05-30 15:22:23,551] INFO - Respiration Rate: 17.1 BPM
[2025-05-30 15:22:23,652] INFO - Respiration Rate: 17.0 BPM
[2025-05-30 15:22:23,762] INFO - Respiration Rate: 16.9 BPM
[2025-05-30 15:22:23,863] INFO - Respiration Rate: 16.8 BPM
[2025-05-30 15:22:24,012] INFO - Respiration Rate: 16.7 BPM
[2025-05-30 15:22:24,161] INFO - Respiration Rate: 16.7 BPM
[2025-05-30 15:22:24,309] INFO - Respiration Rate: 16.6 BPM
[2025-05-30 15:22:24,451] INFO - Respiration Rate: 16.5 BPM
[2025-05-30 15:22:24,593] INFO - Respiration Rate: 16.4 BPM
[2025-05-30 15:22:24,734] INFO - Respiration Rate: 16.4 BPM
[2025-05-30 15:22:24,926] INFO - Respiration Rate: 16.3 BPM
[2025-05-30 15:22:25,140] INFO - Respiration Rate: 16.2 BPM
[2025-05-30 15:22:25,319] INFO - Respiration Rate: 16.1 BPM
[2025-05-30 15:22:25,480] INFO - Respiration Rate: 16.1 BPM
[2025-05-30 15:22:25,634] INFO - Respiration Rate: 16.0 BPM
[2025-05-30 15:22:25,779] INFO - Respiration Rate: 15.9 BPM
[2025-05-30 15:22:25,921] INFO - Respiration Rate: 15.9 BPM
[2025-05-30 15:22:26,061] INFO - Respiration Rate: 15.8 BPM
[2025-05-30 15:22:26,204] INFO - Respiration Rate: 15.7 BPM
[2025-05-30 15:22:26,343] INFO - Respiration Rate: 15.7 BPM
[2025-05-30 15:22:26,483] INFO - Respiration Rate: 15.6 BPM
[2025-05-30 15:22:26,624] INFO - Respiration Rate: 15.5 BPM
[2025-05-30 15:22:26,764] INFO - Respiration Rate: 15.5 BPM
[2025-05-30 15:22:26,906] INFO - Respiration Rate: 15.4 BPM
[2025-05-30 15:22:27,050] INFO - Respiration Rate: 15.3 BPM
[2025-05-30 15:22:27,202] INFO - Respiration Rate: 15.3 BPM
[2025-05-30 15:22:27,349] INFO - Respiration Rate: 15.2 BPM
[2025-05-30 15:22:27,492] INFO - Respiration Rate: 15.1 BPM
[2025-05-30 15:22:27,635] INFO - Respiration Rate: 15.1 BPM
[2025-05-30 15:22:27,779] INFO - Respiration Rate: 15.0 BPM
[2025-05-30 15:22:27,924] INFO - Respiration Rate: 14.9 BPM
[2025-05-30 15:22:28,076] INFO - Respiration Rate: 14.9 BPM
[2025-05-30 15:22:28,226] INFO - Respiration Rate: 14.8 BPM
[2025-05-30 15:22:28,370] INFO - Respiration Rate: 14.8 BPM
[2025-05-30 15:22:28,516] INFO - Respiration Rate: 14.7 BPM
[2025-05-30 15:22:28,677] INFO - Respiration Rate: 14.6 BPM
[2025-05-30 15:22:28,849] INFO - Respiration Rate: 14.6 BPM
[2025-05-30 15:22:29,020] INFO - Respiration Rate: 14.5 BPM
[2025-05-30 15:22:29,186] INFO - Respiration Rate: 14.5 BPM
[2025-05-30 15:22:29,343] INFO - Respiration Rate: 14.4 BPM
[2025-05-30 15:22:29,489] INFO - Respiration Rate: 14.3 BPM
[2025-05-30 15:22:29,637] INFO - Respiration Rate: 14.3 BPM
[2025-05-30 15:22:31,244] INFO - Vital Signs Monitor application shutdown complete
[2025-05-30 15:29:17,111] INFO - Vital Signs Monitor application starting...
[2025-05-30 15:29:17,112] INFO - All dependencies verified successfully
[2025-05-30 15:29:17,112] INFO - Initializing main application...
[2025-05-30 15:29:17,171] INFO - Advanced pose landmarker not available (Unable to open file at D:\KULIAH\Semester 6\PSD\tugas-besar-dsp\.venv\lib\site-packages/D:\KULIAH\Semester 6\PSD\tugas-besar-dsp\models\pose_landmarker_full.task, errno=22), using basic pose
[2025-05-30 15:29:17,500] INFO - Starting application main loop...
[2025-05-30 15:29:23,514] INFO - Respiration Rate: 60.0 BPM
[2025-05-30 15:29:23,623] INFO - Respiration Rate: 58.1 BPM
[2025-05-30 15:29:23,730] INFO - Respiration Rate: 56.2 BPM
[2025-05-30 15:29:23,840] INFO - Respiration Rate: 54.5 BPM
[2025-05-30 15:29:23,949] INFO - Respiration Rate: 52.9 BPM
[2025-05-30 15:29:24,059] INFO - Respiration Rate: 51.4 BPM
[2025-05-30 15:29:24,169] INFO - Respiration Rate: 50.0 BPM
[2025-05-30 15:29:24,280] INFO - Respiration Rate: 48.6 BPM
[2025-05-30 15:29:24,389] INFO - Respiration Rate: 47.4 BPM
[2025-05-30 15:29:24,499] INFO - Respiration Rate: 46.2 BPM
[2025-05-30 15:29:24,608] INFO - Respiration Rate: 45.0 BPM
[2025-05-30 15:29:24,718] INFO - Respiration Rate: 43.9 BPM
[2025-05-30 15:29:24,825] INFO - Respiration Rate: 42.9 BPM
[2025-05-30 15:29:24,950] INFO - Respiration Rate: 41.9 BPM
[2025-05-30 15:29:25,061] INFO - Respiration Rate: 40.9 BPM
[2025-05-30 15:29:25,159] INFO - Respiration Rate: 40.0 BPM
[2025-05-30 15:29:25,268] INFO - Respiration Rate: 39.1 BPM
[2025-05-30 15:29:25,785] INFO - Respiration Rate: 35.3 BPM
[2025-05-30 15:29:25,894] INFO - Respiration Rate: 34.6 BPM
[2025-05-30 15:29:26,005] INFO - Respiration Rate: 34.0 BPM
[2025-05-30 15:29:26,113] INFO - Respiration Rate: 33.3 BPM
[2025-05-30 15:29:26,222] INFO - Respiration Rate: 32.7 BPM
[2025-05-30 15:29:26,441] INFO - Respiration Rate: 31.6 BPM
[2025-05-30 15:29:26,552] INFO - Respiration Rate: 31.0 BPM
[2025-05-30 15:29:26,658] INFO - Respiration Rate: 30.5 BPM
[2025-05-30 15:29:26,769] INFO - Respiration Rate: 30.0 BPM
[2025-05-30 15:29:26,878] INFO - Respiration Rate: 29.5 BPM
[2025-05-30 15:29:26,988] INFO - Respiration Rate: 29.0 BPM
[2025-05-30 15:29:27,096] INFO - Respiration Rate: 28.6 BPM
[2025-05-30 15:29:27,205] INFO - Respiration Rate: 28.1 BPM
[2025-05-30 15:29:27,315] INFO - Respiration Rate: 27.7 BPM
[2025-05-30 15:29:27,421] INFO - Respiration Rate: 27.3 BPM
[2025-05-30 15:29:27,532] INFO - Respiration Rate: 26.9 BPM
[2025-05-30 15:29:27,643] INFO - Respiration Rate: 26.5 BPM
[2025-05-30 15:29:27,754] INFO - Respiration Rate: 26.1 BPM
[2025-05-30 15:29:27,858] INFO - Respiration Rate: 25.7 BPM
[2025-05-30 15:29:27,972] INFO - Respiration Rate: 25.4 BPM
[2025-05-30 15:29:28,075] INFO - Respiration Rate: 25.0 BPM
[2025-05-30 15:29:28,185] INFO - Respiration Rate: 24.7 BPM
[2025-05-30 15:29:28,293] INFO - Respiration Rate: 24.3 BPM
[2025-05-30 15:29:28,406] INFO - Respiration Rate: 24.0 BPM
[2025-05-30 15:29:28,515] INFO - Respiration Rate: 23.7 BPM
[2025-05-30 15:29:28,623] INFO - Respiration Rate: 23.4 BPM
[2025-05-30 15:29:28,733] INFO - Respiration Rate: 23.1 BPM
[2025-05-30 15:29:28,843] INFO - Respiration Rate: 22.8 BPM
[2025-05-30 15:29:28,951] INFO - Respiration Rate: 22.5 BPM
[2025-05-30 15:29:29,064] INFO - Respiration Rate: 22.2 BPM
[2025-05-30 15:29:29,170] INFO - Respiration Rate: 22.0 BPM
[2025-05-30 15:29:29,282] INFO - Respiration Rate: 21.7 BPM
[2025-05-30 15:29:29,390] INFO - Respiration Rate: 21.4 BPM
[2025-05-30 15:29:29,500] INFO - Respiration Rate: 21.2 BPM
[2025-05-30 15:29:29,609] INFO - Respiration Rate: 20.9 BPM
[2025-05-30 15:29:29,723] INFO - Respiration Rate: 20.7 BPM
[2025-05-30 15:29:29,831] INFO - Respiration Rate: 20.5 BPM
[2025-05-30 15:29:29,933] INFO - Respiration Rate: 20.2 BPM
[2025-05-30 15:29:30,025] INFO - Respiration Rate: 20.0 BPM
[2025-05-30 15:29:30,142] INFO - Respiration Rate: 19.8 BPM
[2025-05-30 15:29:30,250] INFO - Respiration Rate: 19.6 BPM
[2025-05-30 15:29:30,360] INFO - Respiration Rate: 19.4 BPM
[2025-05-30 15:29:30,462] INFO - Respiration Rate: 19.1 BPM
[2025-05-30 15:29:30,577] INFO - Respiration Rate: 18.9 BPM
[2025-05-30 15:29:30,690] INFO - Respiration Rate: 18.8 BPM
[2025-05-30 15:29:30,822] INFO - Respiration Rate: 18.6 BPM
[2025-05-30 15:29:30,914] INFO - Respiration Rate: 18.4 BPM
[2025-05-30 15:29:31,016] INFO - Respiration Rate: 18.2 BPM
[2025-05-30 15:29:31,124] INFO - Respiration Rate: 18.0 BPM
[2025-05-30 15:29:31,226] INFO - Respiration Rate: 17.8 BPM
[2025-05-30 15:29:31,329] INFO - Respiration Rate: 17.6 BPM
[2025-05-30 15:29:31,433] INFO - Respiration Rate: 17.5 BPM
[2025-05-30 15:29:31,537] INFO - Respiration Rate: 17.3 BPM
[2025-05-30 15:29:31,642] INFO - Respiration Rate: 17.1 BPM
[2025-05-30 15:29:31,750] INFO - Respiration Rate: 17.0 BPM
[2025-05-30 15:29:31,848] INFO - Respiration Rate: 16.8 BPM
[2025-05-30 15:29:31,955] INFO - Respiration Rate: 16.7 BPM
[2025-05-30 15:29:32,119] INFO - Respiration Rate: 16.5 BPM
[2025-05-30 15:29:32,207] INFO - Respiration Rate: 16.4 BPM
[2025-05-30 15:29:32,296] INFO - Respiration Rate: 16.2 BPM
[2025-05-30 15:29:32,399] INFO - Respiration Rate: 16.1 BPM
[2025-05-30 15:29:32,533] INFO - Respiration Rate: 15.9 BPM
[2025-05-30 15:29:32,657] INFO - Respiration Rate: 15.8 BPM
[2025-05-30 15:29:32,782] INFO - Respiration Rate: 15.7 BPM
[2025-05-30 15:29:32,890] INFO - Respiration Rate: 15.5 BPM
[2025-05-30 15:29:33,000] INFO - Respiration Rate: 15.4 BPM
[2025-05-30 15:29:33,096] INFO - Respiration Rate: 15.3 BPM
[2025-05-30 15:29:33,202] INFO - Respiration Rate: 15.1 BPM
[2025-05-30 15:29:33,323] INFO - Respiration Rate: 15.0 BPM
[2025-05-30 15:29:33,435] INFO - Respiration Rate: 14.9 BPM
[2025-05-30 15:29:33,547] INFO - Respiration Rate: 14.8 BPM
[2025-05-30 15:29:33,639] INFO - Respiration Rate: 14.6 BPM
[2025-05-30 15:29:33,739] INFO - Respiration Rate: 14.5 BPM
[2025-05-30 15:29:33,845] INFO - Respiration Rate: 14.4 BPM
[2025-05-30 15:29:33,954] INFO - Respiration Rate: 14.3 BPM
[2025-05-30 15:29:34,060] INFO - Respiration Rate: 14.2 BPM
[2025-05-30 15:29:34,167] INFO - Respiration Rate: 14.1 BPM
[2025-05-30 15:29:34,266] INFO - Respiration Rate: 14.0 BPM
[2025-05-30 15:29:34,380] INFO - Respiration Rate: 13.8 BPM
[2025-05-30 15:29:34,469] INFO - Respiration Rate: 13.7 BPM
[2025-05-30 15:29:34,576] INFO - Respiration Rate: 13.6 BPM
[2025-05-30 15:29:34,676] INFO - Respiration Rate: 13.5 BPM
[2025-05-30 15:29:34,776] INFO - Respiration Rate: 13.4 BPM
[2025-05-30 15:29:34,887] INFO - Respiration Rate: 13.3 BPM
[2025-05-30 15:29:34,997] INFO - Respiration Rate: 13.2 BPM
[2025-05-30 15:29:35,105] INFO - Respiration Rate: 13.1 BPM
[2025-05-30 15:29:35,206] INFO - Respiration Rate: 13.0 BPM
[2025-05-30 15:29:35,307] INFO - Respiration Rate: 12.9 BPM
[2025-05-30 15:29:35,416] INFO - Respiration Rate: 12.9 BPM
[2025-05-30 15:29:35,525] INFO - Respiration Rate: 12.8 BPM
[2025-05-30 15:29:35,635] INFO - Respiration Rate: 12.7 BPM
[2025-05-30 15:29:35,743] INFO - Respiration Rate: 12.6 BPM
[2025-05-30 15:29:35,846] INFO - Respiration Rate: 12.5 BPM
[2025-05-30 15:29:35,951] INFO - Respiration Rate: 12.4 BPM
[2025-05-30 15:29:36,060] INFO - Respiration Rate: 12.3 BPM
[2025-05-30 15:29:36,169] INFO - Respiration Rate: 12.2 BPM
[2025-05-30 15:29:36,272] INFO - Respiration Rate: 12.2 BPM
[2025-05-30 15:29:36,373] INFO - Respiration Rate: 12.1 BPM
[2025-05-30 15:29:36,484] INFO - Respiration Rate: 12.0 BPM
[2025-05-30 15:29:36,595] INFO - Respiration Rate: 11.9 BPM
[2025-05-30 15:29:36,704] INFO - Respiration Rate: 11.8 BPM
[2025-05-30 15:29:36,814] INFO - Respiration Rate: 11.8 BPM
[2025-05-30 15:29:36,920] INFO - Respiration Rate: 11.7 BPM
[2025-05-30 15:29:37,032] INFO - Respiration Rate: 11.6 BPM
[2025-05-30 15:29:37,141] INFO - Respiration Rate: 11.5 BPM
[2025-05-30 15:29:37,249] INFO - Respiration Rate: 11.5 BPM
[2025-05-30 15:29:37,362] INFO - Respiration Rate: 11.4 BPM
[2025-05-30 15:29:37,470] INFO - Respiration Rate: 11.3 BPM
[2025-05-30 15:29:37,571] INFO - Respiration Rate: 11.2 BPM
[2025-05-30 15:29:37,670] INFO - Respiration Rate: 11.2 BPM
[2025-05-30 15:29:37,780] INFO - Respiration Rate: 11.1 BPM
[2025-05-30 15:29:37,890] INFO - Respiration Rate: 11.0 BPM
[2025-05-30 15:29:38,000] INFO - Respiration Rate: 11.0 BPM
[2025-05-30 15:29:38,107] INFO - Respiration Rate: 10.9 BPM
[2025-05-30 15:29:38,217] INFO - Respiration Rate: 10.8 BPM
[2025-05-30 15:29:38,317] INFO - Respiration Rate: 10.8 BPM
[2025-05-30 15:29:38,418] INFO - Respiration Rate: 10.7 BPM
[2025-05-30 15:29:38,529] INFO - Respiration Rate: 10.7 BPM
[2025-05-30 15:29:38,640] INFO - Respiration Rate: 10.6 BPM
[2025-05-30 15:29:38,745] INFO - Respiration Rate: 10.5 BPM
[2025-05-30 15:29:38,858] INFO - Respiration Rate: 10.5 BPM
[2025-05-30 15:29:38,966] INFO - Respiration Rate: 10.4 BPM
[2025-05-30 15:29:39,077] INFO - Respiration Rate: 10.3 BPM
[2025-05-30 15:29:39,187] INFO - Respiration Rate: 10.3 BPM
[2025-05-30 15:29:39,294] INFO - Respiration Rate: 10.2 BPM
[2025-05-30 15:29:39,404] INFO - Respiration Rate: 10.2 BPM
[2025-05-30 15:29:39,515] INFO - Respiration Rate: 10.1 BPM
[2025-05-30 15:29:39,626] INFO - Respiration Rate: 10.1 BPM
[2025-05-30 15:29:39,735] INFO - Respiration Rate: 10.0 BPM
[2025-05-30 15:29:39,842] INFO - Respiration Rate: 9.9 BPM
[2025-05-30 15:29:39,955] INFO - Respiration Rate: 9.9 BPM
[2025-05-30 15:29:40,061] INFO - Respiration Rate: 9.8 BPM
[2025-05-30 15:29:40,173] INFO - Respiration Rate: 9.8 BPM
[2025-05-30 15:29:40,271] INFO - Respiration Rate: 9.7 BPM
[2025-05-30 15:29:40,378] INFO - Respiration Rate: 9.7 BPM
[2025-05-30 15:29:40,481] INFO - Respiration Rate: 9.6 BPM
[2025-05-30 15:29:40,592] INFO - Respiration Rate: 9.6 BPM
[2025-05-30 15:29:40,699] INFO - Respiration Rate: 9.5 BPM
[2025-05-30 15:29:40,810] INFO - Respiration Rate: 9.5 BPM
[2025-05-30 15:29:40,912] INFO - Respiration Rate: 9.4 BPM
[2025-05-30 15:29:41,017] INFO - Respiration Rate: 9.4 BPM
[2025-05-30 15:29:41,123] INFO - Respiration Rate: 9.3 BPM
[2025-05-30 15:29:41,237] INFO - Respiration Rate: 9.3 BPM
[2025-05-30 15:29:41,346] INFO - Respiration Rate: 9.2 BPM
[2025-05-30 15:29:41,458] INFO - Respiration Rate: 9.2 BPM
[2025-05-30 15:29:41,566] INFO - Respiration Rate: 9.1 BPM
[2025-05-30 15:29:41,672] INFO - Respiration Rate: 9.1 BPM
[2025-05-30 15:29:41,774] INFO - Respiration Rate: 9.0 BPM
[2025-05-30 15:29:41,877] INFO - Respiration Rate: 9.0 BPM
[2025-05-30 15:29:41,983] INFO - Respiration Rate: 9.0 BPM
[2025-05-30 15:29:42,095] INFO - Respiration Rate: 8.9 BPM
[2025-05-30 15:29:42,204] INFO - Respiration Rate: 8.9 BPM
[2025-05-30 15:29:42,316] INFO - Respiration Rate: 8.8 BPM
[2025-05-30 15:29:42,421] INFO - Respiration Rate: 8.8 BPM
[2025-05-30 15:29:42,532] INFO - Respiration Rate: 8.7 BPM
[2025-05-30 15:29:42,625] INFO - Respiration Rate: 8.7 BPM
[2025-05-30 15:29:42,736] INFO - Respiration Rate: 8.7 BPM
[2025-05-30 15:29:42,844] INFO - Respiration Rate: 8.6 BPM
[2025-05-30 15:29:42,955] INFO - Respiration Rate: 8.6 BPM
[2025-05-30 15:29:43,063] INFO - Respiration Rate: 17.1 BPM
[2025-05-30 15:29:43,168] INFO - Respiration Rate: 17.0 BPM
[2025-05-30 15:29:43,271] INFO - Respiration Rate: 16.9 BPM
[2025-05-30 15:29:43,379] INFO - Respiration Rate: 16.8 BPM
[2025-05-30 15:29:43,488] INFO - Respiration Rate: 16.7 BPM
[2025-05-30 15:29:43,597] INFO - Respiration Rate: 16.7 BPM
[2025-05-30 15:29:43,705] INFO - Respiration Rate: 16.6 BPM
[2025-05-30 15:29:43,818] INFO - Respiration Rate: 16.5 BPM
[2025-05-30 15:29:43,923] INFO - Respiration Rate: 16.4 BPM
[2025-05-30 15:29:44,035] INFO - Respiration Rate: 16.4 BPM
[2025-05-30 15:29:44,140] INFO - Respiration Rate: 16.3 BPM
[2025-05-30 15:29:44,252] INFO - Respiration Rate: 16.2 BPM
[2025-05-30 15:29:44,359] INFO - Respiration Rate: 16.1 BPM
[2025-05-30 15:29:44,470] INFO - Respiration Rate: 16.1 BPM
[2025-05-30 15:29:44,568] INFO - Respiration Rate: 16.0 BPM
[2025-05-30 15:29:44,685] INFO - Respiration Rate: 15.9 BPM
[2025-05-30 15:29:44,793] INFO - Respiration Rate: 15.9 BPM
[2025-05-30 15:29:44,896] INFO - Respiration Rate: 15.8 BPM
[2025-05-30 15:29:45,001] INFO - Respiration Rate: 15.7 BPM
[2025-05-30 15:29:45,109] INFO - Respiration Rate: 15.7 BPM
[2025-05-30 15:29:45,217] INFO - Respiration Rate: 15.6 BPM
[2025-05-30 15:29:45,329] INFO - Respiration Rate: 15.5 BPM
[2025-05-30 15:29:45,437] INFO - Respiration Rate: 15.5 BPM
[2025-05-30 15:29:45,548] INFO - Respiration Rate: 15.4 BPM
[2025-05-30 15:29:45,659] INFO - Respiration Rate: 15.3 BPM
[2025-05-30 15:29:45,768] INFO - Respiration Rate: 15.3 BPM
[2025-05-30 15:29:45,880] INFO - Respiration Rate: 15.2 BPM
[2025-05-30 15:29:45,991] INFO - Respiration Rate: 15.1 BPM
[2025-05-30 15:29:46,098] INFO - Respiration Rate: 15.1 BPM
[2025-05-30 15:29:46,209] INFO - Respiration Rate: 15.0 BPM
[2025-05-30 15:29:46,317] INFO - Respiration Rate: 14.9 BPM
[2025-05-30 15:29:46,425] INFO - Respiration Rate: 14.9 BPM
[2025-05-30 15:29:46,539] INFO - Respiration Rate: 14.8 BPM
[2025-05-30 15:29:46,634] INFO - Respiration Rate: 14.8 BPM
[2025-05-30 15:29:46,732] INFO - Respiration Rate: 14.7 BPM
[2025-05-30 15:29:46,834] INFO - Respiration Rate: 7.3 BPM
[2025-05-30 15:29:46,939] INFO - Respiration Rate: 14.6 BPM
[2025-05-30 15:29:47,045] INFO - Respiration Rate: 14.5 BPM
[2025-05-30 15:29:47,139] INFO - Respiration Rate: 14.5 BPM
[2025-05-30 15:29:47,250] INFO - Respiration Rate: 14.4 BPM
[2025-05-30 15:29:47,360] INFO - Respiration Rate: 14.3 BPM
[2025-05-30 15:29:47,469] INFO - Respiration Rate: 14.3 BPM
[2025-05-30 15:29:47,569] INFO - Respiration Rate: 14.2 BPM
[2025-05-30 15:29:47,684] INFO - Respiration Rate: 14.2 BPM
[2025-05-30 15:29:47,779] INFO - Respiration Rate: 14.1 BPM
[2025-05-30 15:29:47,879] INFO - Respiration Rate: 14.1 BPM
[2025-05-30 15:29:47,985] INFO - Respiration Rate: 14.0 BPM
[2025-05-30 15:29:48,088] INFO - Respiration Rate: 14.0 BPM
[2025-05-30 15:29:48,199] INFO - Respiration Rate: 13.9 BPM
[2025-05-30 15:29:48,299] INFO - Respiration Rate: 13.8 BPM
[2025-05-30 15:29:48,409] INFO - Respiration Rate: 13.8 BPM
[2025-05-30 15:29:48,517] INFO - Respiration Rate: 13.7 BPM
[2025-05-30 15:29:48,620] INFO - Respiration Rate: 13.7 BPM
[2025-05-30 15:29:48,721] INFO - Respiration Rate: 13.6 BPM
[2025-05-30 15:29:48,822] INFO - Respiration Rate: 13.6 BPM
[2025-05-30 15:29:48,922] INFO - Respiration Rate: 13.5 BPM
[2025-05-30 15:29:49,035] INFO - Respiration Rate: 13.5 BPM
[2025-05-30 15:29:49,133] INFO - Respiration Rate: 13.4 BPM
[2025-05-30 15:29:50,337] INFO - Respiration signals reset
[2025-05-30 15:29:53,519] INFO - Vital Signs Monitor application shutdown complete
